Unity Editor version:    2021.2.16f1 (559fc0ec6670)
Branch:                  2021.2/staging
Build type:              Release
Batch mode:              YES
macOS version:           Version 11.4 (Build 20F71)
Darwin version:          20.5.0
Architecture:            x86_64
Running under Rosetta:   NO
Available memory:        40960 MB
Using pre-set license
Pro License: YES

COMMAND LINE ARGUMENTS:
/Applications/Unity/Hub/Editor/2021.2.16f1/Unity.app/Contents/MacOS/Unity
-adb2
-batchMode
-noUpm
-name
AssetImportWorker1
-projectPath
/Users/erfankarchani/Documents/GitHub/Programming-Theory-Repo/Programming Theory Project
-logFile
Logs/AssetImportWorker1.log
-srvPort
55368
Successfully changed project path to: /Users/erfankarchani/Documents/GitHub/Programming-Theory-Repo/Programming Theory Project
/Users/erfankarchani/Documents/GitHub/Programming-Theory-Repo/Programming Theory Project
[UnityMemory] Configuration Parameters - Can be set up in boot.config
    "memorysetup-bucket-allocator-granularity=16"
    "memorysetup-bucket-allocator-bucket-count=8"
    "memorysetup-bucket-allocator-block-size=33554432"
    "memorysetup-bucket-allocator-block-count=8"
    "memorysetup-main-allocator-block-size=16777216"
    "memorysetup-thread-allocator-block-size=16777216"
    "memorysetup-gfx-main-allocator-block-size=16777216"
    "memorysetup-gfx-thread-allocator-block-size=16777216"
    "memorysetup-cache-allocator-block-size=4194304"
    "memorysetup-typetree-allocator-block-size=2097152"
    "memorysetup-profiler-bucket-allocator-granularity=16"
    "memorysetup-profiler-bucket-allocator-bucket-count=8"
    "memorysetup-profiler-bucket-allocator-block-size=33554432"
    "memorysetup-profiler-bucket-allocator-block-count=8"
    "memorysetup-profiler-allocator-block-size=16777216"
    "memorysetup-profiler-editor-allocator-block-size=1048576"
    "memorysetup-temp-allocator-size-main=16777216"
    "memorysetup-job-temp-allocator-block-size=2097152"
    "memorysetup-job-temp-allocator-block-size-background=1048576"
    "memorysetup-job-temp-allocator-reduction-small-platforms=262144"
    "memorysetup-temp-allocator-size-background-worker=32768"
    "memorysetup-temp-allocator-size-job-worker=262144"
    "memorysetup-temp-allocator-size-preload-manager=33554432"
    "memorysetup-temp-allocator-size-nav-mesh-worker=65536"
    "memorysetup-temp-allocator-size-audio-worker=65536"
    "memorysetup-temp-allocator-size-cloud-worker=32768"
    "memorysetup-temp-allocator-size-gi-baking-worker=262144"
    "memorysetup-temp-allocator-size-gfx=262144"
Refreshing native plugins compatible for Editor in 20.17 ms, found 2 plugins.
Preloading 0 native plugins for Editor in 0.00 ms.
Initialize engine version: 2021.2.16f1 (559fc0ec6670)
[Subsystems] Discovering subsystems at path /Applications/Unity/Hub/Editor/2021.2.16f1/Unity.app/Contents/Resources/UnitySubsystems
[Subsystems] Discovering subsystems at path /Users/erfankarchani/Documents/GitHub/Programming-Theory-Repo/Programming Theory Project/Assets
GfxDevice: creating device client; threaded=0; jobified=0
iMac preferred device: AMD Radeon Pro 5500 XT (high power)
Metal devices available: 1
0: AMD Radeon Pro 5500 XT (high power)
Using device AMD Radeon Pro 5500 XT (high power)
Initializing Metal device caps: AMD Radeon Pro 5500 XT
Initialize mono
Mono path[0] = '/Applications/Unity/Hub/Editor/2021.2.16f1/Unity.app/Contents/Managed'
Mono path[1] = '/Applications/Unity/Hub/Editor/2021.2.16f1/Unity.app/Contents/MonoBleedingEdge/lib/mono/unityjit-macos'
Mono config path = '/Applications/Unity/Hub/Editor/2021.2.16f1/Unity.app/Contents/MonoBleedingEdge/etc'
Using monoOptions --debugger-agent=transport=dt_socket,embedding=1,server=y,suspend=n,address=127.0.0.1:56141
Begin MonoManager ReloadAssembly
Registering precompiled unity dll's ...
Register platform support module: /Applications/Unity/Hub/Editor/2021.2.16f1/PlaybackEngines/WebGLSupport/UnityEditor.WebGL.Extensions.dll
Register platform support module: /Applications/Unity/Hub/Editor/2021.2.16f1/Unity.app/Contents/PlaybackEngines/MacStandaloneSupport/UnityEditor.OSXStandalone.Extensions.dll
Register platform support module: /Applications/Unity/Hub/Editor/2021.2.16f1/PlaybackEngines/WindowsStandaloneSupport/UnityEditor.WindowsStandalone.Extensions.dll
Registered in 0.001330 seconds.
Native extension for WindowsStandalone target not found
Native extension for OSXStandalone target not found
Native extension for WebGL target not found
Refreshing native plugins compatible for Editor in 19.31 ms, found 2 plugins.
Preloading 0 native plugins for Editor in 0.00 ms.
Mono: successfully reloaded assembly
- Completed reload, in  0.562 seconds
Domain Reload Profiling:
	ReloadAssembly (562ms)
		BeginReloadAssembly (56ms)
			ExecutionOrderSort (0ms)
			DisableScriptedObjects (0ms)
			BackupInstance (0ms)
			ReleaseScriptingObjects (0ms)
			CreateAndSetChildDomain (1ms)
		EndReloadAssembly (397ms)
			LoadAssemblies (55ms)
			RebuildTransferFunctionScriptingTraits (0ms)
			SetupTypeCache (122ms)
			ReleaseScriptCaches (0ms)
			RebuildScriptCaches (30ms)
			SetupLoadedEditorAssemblies (201ms)
				LogAssemblyErrors (0ms)
				InitializePlatformSupportModulesInManaged (7ms)
				SetLoadedEditorAssemblies (0ms)
				RefreshPlugins (19ms)
				BeforeProcessingInitializeOnLoad (1ms)
				ProcessInitializeOnLoadAttributes (131ms)
				ProcessInitializeOnLoadMethodAttributes (41ms)
				AfterProcessingInitializeOnLoad (0ms)
				EditorAssembliesLoaded (0ms)
			ExecutionOrderSort2 (0ms)
			AwakeInstancesAfterBackupRestoration (0ms)
Platform modules already initialized, skipping
Registering precompiled user dll's ...
Registered in 0.000748 seconds.
Begin MonoManager ReloadAssembly
Native extension for WindowsStandalone target not found
Native extension for OSXStandalone target not found
Native extension for WebGL target not found
Refreshing native plugins compatible for Editor in 0.24 ms, found 2 plugins.
Preloading 0 native plugins for Editor in 0.00 ms.
Mono: successfully reloaded assembly
- Completed reload, in  0.791 seconds
Domain Reload Profiling:
	ReloadAssembly (792ms)
		BeginReloadAssembly (94ms)
			ExecutionOrderSort (0ms)
			DisableScriptedObjects (6ms)
			BackupInstance (0ms)
			ReleaseScriptingObjects (0ms)
			CreateAndSetChildDomain (24ms)
		EndReloadAssembly (585ms)
			LoadAssemblies (45ms)
			RebuildTransferFunctionScriptingTraits (0ms)
			SetupTypeCache (193ms)
			ReleaseScriptCaches (0ms)
			RebuildScriptCaches (42ms)
			SetupLoadedEditorAssemblies (260ms)
				LogAssemblyErrors (0ms)
				InitializePlatformSupportModulesInManaged (5ms)
				SetLoadedEditorAssemblies (0ms)
				RefreshPlugins (0ms)
				BeforeProcessingInitializeOnLoad (35ms)
				ProcessInitializeOnLoadAttributes (195ms)
				ProcessInitializeOnLoadMethodAttributes (22ms)
				AfterProcessingInitializeOnLoad (1ms)
				EditorAssembliesLoaded (0ms)
			ExecutionOrderSort2 (0ms)
			AwakeInstancesAfterBackupRestoration (4ms)
Platform modules already initialized, skipping
========================================================================
Worker process is ready to serve import requests
Launching external process: /Applications/Unity/Hub/Editor/2021.2.16f1/Unity.app/Contents/Tools/UnityShaderCompiler
Launched and connected shader compiler UnityShaderCompiler after 0.01 seconds
Refreshing native plugins compatible for Editor in 0.27 ms, found 2 plugins.
Preloading 0 native plugins for Editor in 0.00 ms.
Unloading 1527 Unused Serialized files (Serialized files now loaded: 0)
Unloading 16 unused Assets / (44.0 KB). Loaded Objects now: 1994.
Memory consumption went from 153.6 MB to 153.5 MB.
Total: 2.310592 ms (FindLiveObjects: 0.126956 ms CreateObjectMapping: 0.052973 ms MarkObjects: 2.078865 ms  DeleteObjects: 0.050894 ms)

AssetImportParameters requested are different than current active one (requested -> active):
  custom:video-decoder-ogg-theora: a1e56fd34408186e4bbccfd4996cb3dc -> 
  custom:container-muxer-webm: aa71ff27fc2769a1b78a27578f13a17b -> 
  custom:container-demuxer-webm: 4f35f7cbe854078d1ac9338744f61a02 -> 
  custom:video-encoder-webm-vp8: eb34c28f22e8b96e1ab97ce403110664 -> 
  custom:framework-osx-AVFoundation: e770b220cccbd017edd2c1fefb359320 -> 
  custom:audio-encoder-webm-vorbis: bf7c407c2cedff20999df2af8eb42d56 -> 
  custom:container-demuxer-ogg: 62fdf1f143b41e24485cea50d1cbac27 -> 
  custom:video-decoder-webm-vp8: 9c59270c3fd7afecdb556c50c9e8de78 -> 
  custom:audio-decoder-ogg-vorbis: bf7c407c2cedff20999df2af8eb42d56 -> 
========================================================================
Received Prepare
Registering precompiled user dll's ...
Registered in 0.000718 seconds.
Begin MonoManager ReloadAssembly
Native extension for WindowsStandalone target not found
Native extension for OSXStandalone target not found
Native extension for WebGL target not found
Refreshing native plugins compatible for Editor in 0.32 ms, found 2 plugins.
Preloading 0 native plugins for Editor in 0.00 ms.
Mono: successfully reloaded assembly
- Completed reload, in  0.771 seconds
Domain Reload Profiling:
	ReloadAssembly (772ms)
		BeginReloadAssembly (107ms)
			ExecutionOrderSort (0ms)
			DisableScriptedObjects (6ms)
			BackupInstance (0ms)
			ReleaseScriptingObjects (0ms)
			CreateAndSetChildDomain (38ms)
		EndReloadAssembly (571ms)
			LoadAssemblies (47ms)
			RebuildTransferFunctionScriptingTraits (0ms)
			SetupTypeCache (186ms)
			ReleaseScriptCaches (1ms)
			RebuildScriptCaches (37ms)
			SetupLoadedEditorAssemblies (254ms)
				LogAssemblyErrors (0ms)
				InitializePlatformSupportModulesInManaged (9ms)
				SetLoadedEditorAssemblies (0ms)
				RefreshPlugins (0ms)
				BeforeProcessingInitializeOnLoad (32ms)
				ProcessInitializeOnLoadAttributes (188ms)
				ProcessInitializeOnLoadMethodAttributes (22ms)
				AfterProcessingInitializeOnLoad (1ms)
				EditorAssembliesLoaded (0ms)
			ExecutionOrderSort2 (0ms)
			AwakeInstancesAfterBackupRestoration (4ms)
Platform modules already initialized, skipping
Refreshing native plugins compatible for Editor in 0.62 ms, found 2 plugins.
Preloading 0 native plugins for Editor in 0.00 ms.
Unloading 1521 Unused Serialized files (Serialized files now loaded: 0)
Unloading 9 unused Assets / (22.2 KB). Loaded Objects now: 1997.
Memory consumption went from 153.4 MB to 153.4 MB.
Total: 2.263568 ms (FindLiveObjects: 0.123525 ms CreateObjectMapping: 0.046762 ms MarkObjects: 2.078761 ms  DeleteObjects: 0.013890 ms)

AssetImportParameters requested are different than current active one (requested -> active):
  custom:video-decoder-ogg-theora: a1e56fd34408186e4bbccfd4996cb3dc -> 
  custom:container-muxer-webm: aa71ff27fc2769a1b78a27578f13a17b -> 
  custom:container-demuxer-webm: 4f35f7cbe854078d1ac9338744f61a02 -> 
  custom:video-encoder-webm-vp8: eb34c28f22e8b96e1ab97ce403110664 -> 
  custom:framework-osx-AVFoundation: e770b220cccbd017edd2c1fefb359320 -> 
  custom:audio-encoder-webm-vorbis: bf7c407c2cedff20999df2af8eb42d56 -> 
  custom:container-demuxer-ogg: 62fdf1f143b41e24485cea50d1cbac27 -> 
  custom:video-decoder-webm-vp8: 9c59270c3fd7afecdb556c50c9e8de78 -> 
  custom:audio-decoder-ogg-vorbis: bf7c407c2cedff20999df2af8eb42d56 -> 
========================================================================
Received Prepare
Registering precompiled user dll's ...
Registered in 0.000749 seconds.
Begin MonoManager ReloadAssembly
Native extension for WindowsStandalone target not found
Native extension for OSXStandalone target not found
Native extension for WebGL target not found
Refreshing native plugins compatible for Editor in 0.29 ms, found 2 plugins.
Preloading 0 native plugins for Editor in 0.00 ms.
Mono: successfully reloaded assembly
- Completed reload, in  0.776 seconds
Domain Reload Profiling:
	ReloadAssembly (776ms)
		BeginReloadAssembly (109ms)
			ExecutionOrderSort (0ms)
			DisableScriptedObjects (6ms)
			BackupInstance (0ms)
			ReleaseScriptingObjects (0ms)
			CreateAndSetChildDomain (36ms)
		EndReloadAssembly (574ms)
			LoadAssemblies (50ms)
			RebuildTransferFunctionScriptingTraits (0ms)
			SetupTypeCache (190ms)
			ReleaseScriptCaches (1ms)
			RebuildScriptCaches (37ms)
			SetupLoadedEditorAssemblies (253ms)
				LogAssemblyErrors (0ms)
				InitializePlatformSupportModulesInManaged (10ms)
				SetLoadedEditorAssemblies (0ms)
				RefreshPlugins (0ms)
				BeforeProcessingInitializeOnLoad (31ms)
				ProcessInitializeOnLoadAttributes (187ms)
				ProcessInitializeOnLoadMethodAttributes (22ms)
				AfterProcessingInitializeOnLoad (1ms)
				EditorAssembliesLoaded (0ms)
			ExecutionOrderSort2 (0ms)
			AwakeInstancesAfterBackupRestoration (5ms)
Platform modules already initialized, skipping
Refreshing native plugins compatible for Editor in 0.60 ms, found 2 plugins.
Preloading 0 native plugins for Editor in 0.00 ms.
Unloading 1534 Unused Serialized files (Serialized files now loaded: 0)
Unloading 22 unused Assets / (0.7 MB). Loaded Objects now: 2000.
Memory consumption went from 157.3 MB to 156.6 MB.
Total: 2.399132 ms (FindLiveObjects: 0.118056 ms CreateObjectMapping: 0.045871 ms MarkObjects: 1.996709 ms  DeleteObjects: 0.237863 ms)

AssetImportParameters requested are different than current active one (requested -> active):
  custom:video-decoder-ogg-theora: a1e56fd34408186e4bbccfd4996cb3dc -> 
  custom:container-muxer-webm: aa71ff27fc2769a1b78a27578f13a17b -> 
  custom:container-demuxer-webm: 4f35f7cbe854078d1ac9338744f61a02 -> 
  custom:video-encoder-webm-vp8: eb34c28f22e8b96e1ab97ce403110664 -> 
  custom:framework-osx-AVFoundation: e770b220cccbd017edd2c1fefb359320 -> 
  custom:audio-encoder-webm-vorbis: bf7c407c2cedff20999df2af8eb42d56 -> 
  custom:container-demuxer-ogg: 62fdf1f143b41e24485cea50d1cbac27 -> 
  custom:video-decoder-webm-vp8: 9c59270c3fd7afecdb556c50c9e8de78 -> 
  custom:audio-decoder-ogg-vorbis: bf7c407c2cedff20999df2af8eb42d56 -> 
========================================================================
Received Prepare
Registering precompiled user dll's ...
Registered in 0.000744 seconds.
Begin MonoManager ReloadAssembly
Native extension for WindowsStandalone target not found
Native extension for OSXStandalone target not found
Native extension for WebGL target not found
Refreshing native plugins compatible for Editor in 0.28 ms, found 2 plugins.
Preloading 0 native plugins for Editor in 0.00 ms.
Mono: successfully reloaded assembly
- Completed reload, in  0.784 seconds
Domain Reload Profiling:
	ReloadAssembly (784ms)
		BeginReloadAssembly (109ms)
			ExecutionOrderSort (0ms)
			DisableScriptedObjects (7ms)
			BackupInstance (0ms)
			ReleaseScriptingObjects (0ms)
			CreateAndSetChildDomain (36ms)
		EndReloadAssembly (579ms)
			LoadAssemblies (48ms)
			RebuildTransferFunctionScriptingTraits (0ms)
			SetupTypeCache (188ms)
			ReleaseScriptCaches (1ms)
			RebuildScriptCaches (37ms)
			SetupLoadedEditorAssemblies (259ms)
				LogAssemblyErrors (0ms)
				InitializePlatformSupportModulesInManaged (10ms)
				SetLoadedEditorAssemblies (0ms)
				RefreshPlugins (0ms)
				BeforeProcessingInitializeOnLoad (32ms)
				ProcessInitializeOnLoadAttributes (191ms)
				ProcessInitializeOnLoadMethodAttributes (22ms)
				AfterProcessingInitializeOnLoad (2ms)
				EditorAssembliesLoaded (0ms)
			ExecutionOrderSort2 (0ms)
			AwakeInstancesAfterBackupRestoration (4ms)
Platform modules already initialized, skipping
Refreshing native plugins compatible for Editor in 0.51 ms, found 2 plugins.
Preloading 0 native plugins for Editor in 0.00 ms.
Unloading 1535 Unused Serialized files (Serialized files now loaded: 0)
Unloading 22 unused Assets / (0.7 MB). Loaded Objects now: 2004.
Memory consumption went from 157.5 MB to 156.8 MB.
Total: 2.368421 ms (FindLiveObjects: 0.113632 ms CreateObjectMapping: 0.041111 ms MarkObjects: 2.006052 ms  DeleteObjects: 0.207039 ms)

AssetImportParameters requested are different than current active one (requested -> active):
  custom:video-decoder-ogg-theora: a1e56fd34408186e4bbccfd4996cb3dc -> 
  custom:container-muxer-webm: aa71ff27fc2769a1b78a27578f13a17b -> 
  custom:container-demuxer-webm: 4f35f7cbe854078d1ac9338744f61a02 -> 
  custom:video-encoder-webm-vp8: eb34c28f22e8b96e1ab97ce403110664 -> 
  custom:framework-osx-AVFoundation: e770b220cccbd017edd2c1fefb359320 -> 
  custom:audio-encoder-webm-vorbis: bf7c407c2cedff20999df2af8eb42d56 -> 
  custom:container-demuxer-ogg: 62fdf1f143b41e24485cea50d1cbac27 -> 
  custom:video-decoder-webm-vp8: 9c59270c3fd7afecdb556c50c9e8de78 -> 
  custom:audio-decoder-ogg-vorbis: bf7c407c2cedff20999df2af8eb42d56 -> 
========================================================================
Received Import Request.
  Time since last request: 93426.746490 seconds.
  path: Assets/Scenes/Menu.unity
  artifactKey: Guid(86e369511f920436db2d11c8c842a216) Importer(2089858483,934ff659095e30574adcf32a4c2f97b5)
Start importing Assets/Scenes/Menu.unity using Guid(86e369511f920436db2d11c8c842a216) Importer(2089858483,934ff659095e30574adcf32a4c2f97b5)  -> (artifact id: 'ee4265d25edb1dcc97d89732f94bb1fb') in 0.056756 seconds 
========================================================================
Received Import Request.
  Time since last request: 0.000044 seconds.
  path: Assets/Library/Vehicle/Pablo Ernesto Assets/Low Poly Pixelated Beetle Car/Materials/mat_beetle.mat
  artifactKey: Guid(9be004e6e7cf34a4cabfab368da96089) Importer(2089858483,934ff659095e30574adcf32a4c2f97b5)
Start importing Assets/Library/Vehicle/Pablo Ernesto Assets/Low Poly Pixelated Beetle Car/Materials/mat_beetle.mat using Guid(9be004e6e7cf34a4cabfab368da96089) Importer(2089858483,934ff659095e30574adcf32a4c2f97b5)  -> (artifact id: '9abab6895391cbaee7e6e2667a8f93b7') in 2.950295 seconds 
========================================================================
Received Import Request.
  Time since last request: 0.002254 seconds.
  path: Assets/Library/Vehicle/Pablo Ernesto Assets/Low Poly Pixelated Beetle Car/Scenes/DemoBeetleCar.unity
  artifactKey: Guid(0220d2d509bf84941aac2c93ba662f49) Importer(2089858483,934ff659095e30574adcf32a4c2f97b5)
Start importing Assets/Library/Vehicle/Pablo Ernesto Assets/Low Poly Pixelated Beetle Car/Scenes/DemoBeetleCar.unity using Guid(0220d2d509bf84941aac2c93ba662f49) Importer(2089858483,934ff659095e30574adcf32a4c2f97b5)  -> (artifact id: '53d30331090f3502ae4b78c514e51ecd') in 0.001897 seconds 
========================================================================
Received Import Request.
  Time since last request: 0.000048 seconds.
  path: Assets/TextMesh Pro/Sprites/EmojiOne.json
  artifactKey: Guid(8f05276190cf498a8153f6cbe761d4e6) Importer(2089858483,934ff659095e30574adcf32a4c2f97b5)
Start importing Assets/TextMesh Pro/Sprites/EmojiOne.json using Guid(8f05276190cf498a8153f6cbe761d4e6) Importer(2089858483,934ff659095e30574adcf32a4c2f97b5)  -> (artifact id: '4c702013bea8e659aa612ecfa607b92f') in 1.785753 seconds 
========================================================================
Received Import Request.
  Time since last request: 0.000052 seconds.
  path: Assets/TextMesh Pro/Sprites/EmojiOne Attribution.txt
  artifactKey: Guid(381dcb09d5029d14897e55f98031fca5) Importer(2089858483,934ff659095e30574adcf32a4c2f97b5)
Start importing Assets/TextMesh Pro/Sprites/EmojiOne Attribution.txt using Guid(381dcb09d5029d14897e55f98031fca5) Importer(2089858483,934ff659095e30574adcf32a4c2f97b5)  -> (artifact id: '7ac22b8bacc6f3f57e9b773559445337') in 3.744589 seconds 
========================================================================
Received Import Request.
  Time since last request: 0.000049 seconds.
  path: Assets/TextMesh Pro/Resources/LineBreaking Leading Characters.txt
  artifactKey: Guid(d82c1b31c7e74239bff1220585707d2b) Importer(2089858483,934ff659095e30574adcf32a4c2f97b5)
Start importing Assets/TextMesh Pro/Resources/LineBreaking Leading Characters.txt using Guid(d82c1b31c7e74239bff1220585707d2b) Importer(2089858483,934ff659095e30574adcf32a4c2f97b5)  -> (artifact id: 'f42e3f2e6f073408a1d604de703fc6df') in 0.002830 seconds 
========================================================================
Received Import Request.
  Time since last request: 0.000042 seconds.
  path: Assets/TextMesh Pro/Shaders/TMPro_Mobile.cginc
  artifactKey: Guid(c334973cef89a9840b0b0c507e0377ab) Importer(2089858483,934ff659095e30574adcf32a4c2f97b5)
Start importing Assets/TextMesh Pro/Shaders/TMPro_Mobile.cginc using Guid(c334973cef89a9840b0b0c507e0377ab) Importer(2089858483,934ff659095e30574adcf32a4c2f97b5)  -> (artifact id: '76a30d1bc0b0361fc9395a2f2bd0a1f7') in 0.475738 seconds 
========================================================================
Received Prepare
Refreshing native plugins compatible for Editor in 1.14 ms, found 2 plugins.
Preloading 0 native plugins for Editor in 0.00 ms.
Unloading 22 Unused Serialized files (Serialized files now loaded: 0)
Unloading 22 unused Assets / (0.7 MB). Loaded Objects now: 2004.
Memory consumption went from 144.5 MB to 143.9 MB.
Total: 2.569696 ms (FindLiveObjects: 0.118478 ms CreateObjectMapping: 0.045956 ms MarkObjects: 2.148255 ms  DeleteObjects: 0.256394 ms)

AssetImportParameters requested are different than current active one (requested -> active):
  custom:video-decoder-ogg-theora: a1e56fd34408186e4bbccfd4996cb3dc -> 
  custom:container-muxer-webm: aa71ff27fc2769a1b78a27578f13a17b -> 
  custom:container-demuxer-webm: 4f35f7cbe854078d1ac9338744f61a02 -> 
  custom:video-encoder-webm-vp8: eb34c28f22e8b96e1ab97ce403110664 -> 
  custom:framework-osx-AVFoundation: e770b220cccbd017edd2c1fefb359320 -> 
  custom:audio-encoder-webm-vorbis: bf7c407c2cedff20999df2af8eb42d56 -> 
  custom:SearchIndexIgnoredProperties: e643bd26f0fe6173181afceb89e7c659 -> 
  custom:container-demuxer-ogg: 62fdf1f143b41e24485cea50d1cbac27 -> 
  custom:video-decoder-webm-vp8: 9c59270c3fd7afecdb556c50c9e8de78 -> 
  custom:audio-decoder-ogg-vorbis: bf7c407c2cedff20999df2af8eb42d56 -> 
========================================================================
Received Import Request.
  Time since last request: 13944.574954 seconds.
  path: Assets/GreekPack1Lite/Models/greek_column_1.fbx
  artifactKey: Guid(2a454462cc1bc47eab5642f1bcf4ba54) Importer(2089858483,934ff659095e30574adcf32a4c2f97b5)
Start importing Assets/GreekPack1Lite/Models/greek_column_1.fbx using Guid(2a454462cc1bc47eab5642f1bcf4ba54) Importer(2089858483,934ff659095e30574adcf32a4c2f97b5)  -> (artifact id: '1430ad864a78c2f79439e928d94a3cfc') in 0.144499 seconds 
========================================================================
Received Import Request.
  Time since last request: 0.002245 seconds.
  path: Assets/GreekPack1Lite/Prefabs/Objects/Optimized/greek_column_2.prefab
  artifactKey: Guid(7aaea4c6ceef14ca8a5866beb67602d9) Importer(2089858483,934ff659095e30574adcf32a4c2f97b5)
Start importing Assets/GreekPack1Lite/Prefabs/Objects/Optimized/greek_column_2.prefab using Guid(7aaea4c6ceef14ca8a5866beb67602d9) Importer(2089858483,934ff659095e30574adcf32a4c2f97b5)  -> (artifact id: '3ebaf732cf7728d3c54a89669f78dbcf') in 0.144291 seconds 
========================================================================
Received Import Request.
  Time since last request: 0.000041 seconds.
  path: Assets/GreekPack1Lite/Prefabs/Objects/Optimized/greek_roof_1_square.prefab
  artifactKey: Guid(bc4d7f338806343c0af659202a9aa4a5) Importer(2089858483,934ff659095e30574adcf32a4c2f97b5)
Start importing Assets/GreekPack1Lite/Prefabs/Objects/Optimized/greek_roof_1_square.prefab using Guid(bc4d7f338806343c0af659202a9aa4a5) Importer(2089858483,934ff659095e30574adcf32a4c2f97b5)  -> (artifact id: '4708f2c626824c8fdffa66ea4e43a72c') in 0.003375 seconds 
========================================================================
Received Import Request.
  Time since last request: 0.000048 seconds.
  path: Assets/GreekPack1Lite/Prefabs/Objects/greek_wall_column_1.prefab
  artifactKey: Guid(dd38b37b510544adbb92ccac89d70202) Importer(2089858483,934ff659095e30574adcf32a4c2f97b5)
Start importing Assets/GreekPack1Lite/Prefabs/Objects/greek_wall_column_1.prefab using Guid(dd38b37b510544adbb92ccac89d70202) Importer(2089858483,934ff659095e30574adcf32a4c2f97b5)  -> (artifact id: 'a3048326ac658c2ce0267092f3dddb1c') in 0.004143 seconds 
========================================================================
Received Import Request.
  Time since last request: 0.000073 seconds.
  path: Assets/GreekPack1Lite/Models/Materials/Greek_Water.mat
  artifactKey: Guid(f0e758c4a7b8b41a782a0384069954b4) Importer(2089858483,934ff659095e30574adcf32a4c2f97b5)
Start importing Assets/GreekPack1Lite/Models/Materials/Greek_Water.mat using Guid(f0e758c4a7b8b41a782a0384069954b4) Importer(2089858483,934ff659095e30574adcf32a4c2f97b5)  -> (artifact id: 'e56bf4c71129b3bbba21ef87a0a87cc1') in 0.003772 seconds 
========================================================================
Received Import Request.
  Time since last request: 0.000057 seconds.
  path: Assets/GreekPack1Lite/Prefabs/Objects/Optimized/greek_tree_2.prefab
  artifactKey: Guid(e5954255315c546a1978e9f8cdb56165) Importer(2089858483,934ff659095e30574adcf32a4c2f97b5)
Start importing Assets/GreekPack1Lite/Prefabs/Objects/Optimized/greek_tree_2.prefab using Guid(e5954255315c546a1978e9f8cdb56165) Importer(2089858483,934ff659095e30574adcf32a4c2f97b5)  -> (artifact id: '9961c9891d280c3d11e096a07253c2da') in 0.003563 seconds 
========================================================================
Received Import Request.
  Time since last request: 0.000052 seconds.
  path: Assets/GreekPack1Lite/Scenes/greek_example.unity
  artifactKey: Guid(dd1d60431ea164236a5e91d124f8b497) Importer(2089858483,934ff659095e30574adcf32a4c2f97b5)
Start importing Assets/GreekPack1Lite/Scenes/greek_example.unity using Guid(dd1d60431ea164236a5e91d124f8b497) Importer(2089858483,934ff659095e30574adcf32a4c2f97b5)  -> (artifact id: '96385fcb85342d025130dc517693d1a3') in 0.002328 seconds 
========================================================================
Received Import Request.
  Time since last request: 0.000043 seconds.
  path: Assets/GreekPack1Lite/Models/Optimized/Materials/Greek_Combined.mat
  artifactKey: Guid(6a723adf9bbee4535b3b125e8b3f8c6f) Importer(2089858483,934ff659095e30574adcf32a4c2f97b5)
Start importing Assets/GreekPack1Lite/Models/Optimized/Materials/Greek_Combined.mat using Guid(6a723adf9bbee4535b3b125e8b3f8c6f) Importer(2089858483,934ff659095e30574adcf32a4c2f97b5)  -> (artifact id: '212a195bbb653d52029cd481c130e863') in 0.002934 seconds 
========================================================================
Received Import Request.
  Time since last request: 0.000041 seconds.
  path: Assets/GreekPack1Lite/Models/Optimized/Materials
  artifactKey: Guid(330e417a335b642dca7a1350af669aff) Importer(2089858483,934ff659095e30574adcf32a4c2f97b5)
Start importing Assets/GreekPack1Lite/Models/Optimized/Materials using Guid(330e417a335b642dca7a1350af669aff) Importer(2089858483,934ff659095e30574adcf32a4c2f97b5)  -> (artifact id: 'e4fcc6a306a61196f77a78b93a6ed0d5') in 0.001483 seconds 
========================================================================
Received Import Request.
  Time since last request: 0.000042 seconds.
  path: Assets/GreekPack1Lite/Models/Optimized/greek_wall_column_1.fbx
  artifactKey: Guid(ca0f1ba41347b4c5792659c6befeebe6) Importer(2089858483,934ff659095e30574adcf32a4c2f97b5)
Start importing Assets/GreekPack1Lite/Models/Optimized/greek_wall_column_1.fbx using Guid(ca0f1ba41347b4c5792659c6befeebe6) Importer(2089858483,934ff659095e30574adcf32a4c2f97b5)  -> (artifact id: '07196a18e0e2fc1ce76c4d27744bef2c') in 0.002937 seconds 
========================================================================
Received Import Request.
  Time since last request: 0.000074 seconds.
  path: Assets/GreekPack1Lite/Models/Materials
  artifactKey: Guid(761415913e3724173bef2df9fb5aa881) Importer(2089858483,934ff659095e30574adcf32a4c2f97b5)
Start importing Assets/GreekPack1Lite/Models/Materials using Guid(761415913e3724173bef2df9fb5aa881) Importer(2089858483,934ff659095e30574adcf32a4c2f97b5)  -> (artifact id: 'a36f520515344d3a1c215753d7d151b2') in 0.001879 seconds 
========================================================================
Received Import Request.
  Time since last request: 0.000050 seconds.
  path: Assets/GreekPack1Lite/Models/Materials/Greek_Bark_1.mat
  artifactKey: Guid(bf87c698a6d9f4a00a9c23a1a302c39f) Importer(2089858483,934ff659095e30574adcf32a4c2f97b5)
Start importing Assets/GreekPack1Lite/Models/Materials/Greek_Bark_1.mat using Guid(bf87c698a6d9f4a00a9c23a1a302c39f) Importer(2089858483,934ff659095e30574adcf32a4c2f97b5)  -> (artifact id: 'e399c0a509383a260246a84c1c573ffc') in 0.002883 seconds 
========================================================================
Received Import Request.
  Time since last request: 0.000050 seconds.
  path: Assets/GreekPack1Lite/Models/Materials/Greek_Silver_1.mat
  artifactKey: Guid(2c47c88d7fcbf4ce3aa8da9f42f86898) Importer(2089858483,934ff659095e30574adcf32a4c2f97b5)
Start importing Assets/GreekPack1Lite/Models/Materials/Greek_Silver_1.mat using Guid(2c47c88d7fcbf4ce3aa8da9f42f86898) Importer(2089858483,934ff659095e30574adcf32a4c2f97b5)  -> (artifact id: 'affba6d16f411bfc45deb300d7c7e2f2') in 0.002603 seconds 
========================================================================
Received Import Request.
  Time since last request: 0.000045 seconds.
  path: Assets/GreekPack1Lite/Models/greek_wall_column_1.fbx
  artifactKey: Guid(819e9c05580c44490b5bc1ebff5d3f76) Importer(2089858483,934ff659095e30574adcf32a4c2f97b5)
Start importing Assets/GreekPack1Lite/Models/greek_wall_column_1.fbx using Guid(819e9c05580c44490b5bc1ebff5d3f76) Importer(2089858483,934ff659095e30574adcf32a4c2f97b5)  -> (artifact id: '7a343f1b88f0368ed6798287a49b3cb8') in 0.003870 seconds 
========================================================================
Received Import Request.
  Time since last request: 0.000055 seconds.
  path: Assets/GreekPack1Lite/Models/greek_wall_divider_1.fbx
  artifactKey: Guid(e304c4f9872bd4b259b496c97b54e00d) Importer(2089858483,934ff659095e30574adcf32a4c2f97b5)
Start importing Assets/GreekPack1Lite/Models/greek_wall_divider_1.fbx using Guid(e304c4f9872bd4b259b496c97b54e00d) Importer(2089858483,934ff659095e30574adcf32a4c2f97b5)  -> (artifact id: '9cb7091c545fed42c972154f6f658f02') in 0.003080 seconds 
========================================================================
Received Import Request.
  Time since last request: 0.000068 seconds.
  path: Assets/GreekPack1Lite/Prefabs/Objects/greek_roof_support_1_square.prefab
  artifactKey: Guid(23d2c27c021bf458dbea5e5439e337b7) Importer(2089858483,934ff659095e30574adcf32a4c2f97b5)
Start importing Assets/GreekPack1Lite/Prefabs/Objects/greek_roof_support_1_square.prefab using Guid(23d2c27c021bf458dbea5e5439e337b7) Importer(2089858483,934ff659095e30574adcf32a4c2f97b5)  -> (artifact id: '26b6cd5ce5b63fa5043e21683545f3f3') in 0.003085 seconds 
========================================================================
Received Import Request.
  Time since last request: 0.000042 seconds.
  path: Assets/GreekPack1Lite/Models/Materials/Greek_Stone_2.mat
  artifactKey: Guid(7c41cd8c830924aa299e46e6eef716bf) Importer(2089858483,934ff659095e30574adcf32a4c2f97b5)
Start importing Assets/GreekPack1Lite/Models/Materials/Greek_Stone_2.mat using Guid(7c41cd8c830924aa299e46e6eef716bf) Importer(2089858483,934ff659095e30574adcf32a4c2f97b5)  -> (artifact id: '98364866f133cd244a87cf33a05584b1') in 0.002503 seconds 
========================================================================
Received Import Request.
  Time since last request: 0.000067 seconds.
  path: Assets/GreekPack1Lite/Prefabs/Objects/greek_roof_support_1.prefab
  artifactKey: Guid(86da1ad6886b74c66bd850a4c1de0b31) Importer(2089858483,934ff659095e30574adcf32a4c2f97b5)
Start importing Assets/GreekPack1Lite/Prefabs/Objects/greek_roof_support_1.prefab using Guid(86da1ad6886b74c66bd850a4c1de0b31) Importer(2089858483,934ff659095e30574adcf32a4c2f97b5)  -> (artifact id: '056e1b6ae864bd54181ca64210e86269') in 0.003014 seconds 
========================================================================
Received Import Request.
  Time since last request: 0.000044 seconds.
  path: Assets/GreekPack1Lite/Models/Materials/Greek_Combined.mat
  artifactKey: Guid(8b50f67be3a834a159d88ecc0944f46b) Importer(2089858483,934ff659095e30574adcf32a4c2f97b5)
Start importing Assets/GreekPack1Lite/Models/Materials/Greek_Combined.mat using Guid(8b50f67be3a834a159d88ecc0944f46b) Importer(2089858483,934ff659095e30574adcf32a4c2f97b5)  -> (artifact id: '087339fa200664ef5de00f8131dfa25b') in 0.002652 seconds 
========================================================================
Received Import Request.
  Time since last request: 0.000037 seconds.
  path: Assets/GreekPack1Lite/Prefabs/Objects/greek_tree_2.prefab
  artifactKey: Guid(6a795ebc8fb3847c49aadadb856a09de) Importer(2089858483,934ff659095e30574adcf32a4c2f97b5)
Start importing Assets/GreekPack1Lite/Prefabs/Objects/greek_tree_2.prefab using Guid(6a795ebc8fb3847c49aadadb856a09de) Importer(2089858483,934ff659095e30574adcf32a4c2f97b5)  -> (artifact id: '02d94ec9cc38c64f77505b1ce5cb6b70') in 0.003444 seconds 
========================================================================
Received Import Request.
  Time since last request: 0.000095 seconds.
  path: Assets/GreekPack1Lite/Prefabs/Objects/Optimized/greek_wall_divider_1.prefab
  artifactKey: Guid(4e0d0906133d4477a8bf2cbe2f758caf) Importer(2089858483,934ff659095e30574adcf32a4c2f97b5)
Start importing Assets/GreekPack1Lite/Prefabs/Objects/Optimized/greek_wall_divider_1.prefab using Guid(4e0d0906133d4477a8bf2cbe2f758caf) Importer(2089858483,934ff659095e30574adcf32a4c2f97b5)  -> (artifact id: '5c1a2c1034369603959bcdd4e184fb04') in 0.003851 seconds 
========================================================================
Received Import Request.
  Time since last request: 0.000048 seconds.
  path: Assets/GreekPack1Lite/Models/Materials/Greek_Cloth_White.mat
  artifactKey: Guid(6f436851cda3044949b9866dafe155c6) Importer(2089858483,934ff659095e30574adcf32a4c2f97b5)
Start importing Assets/GreekPack1Lite/Models/Materials/Greek_Cloth_White.mat using Guid(6f436851cda3044949b9866dafe155c6) Importer(2089858483,934ff659095e30574adcf32a4c2f97b5)  -> (artifact id: '09cf78b5b7eb17dfd03b63f0f34b0f3d') in 0.003461 seconds 
========================================================================
Received Import Request.
  Time since last request: 0.000047 seconds.
  path: Assets/GreekPack1Lite/Textures
  artifactKey: Guid(bf041373bd4f74675a0b194c1ba906bf) Importer(2089858483,934ff659095e30574adcf32a4c2f97b5)
Start importing Assets/GreekPack1Lite/Textures using Guid(bf041373bd4f74675a0b194c1ba906bf) Importer(2089858483,934ff659095e30574adcf32a4c2f97b5)  -> (artifact id: '41f8c8d42d9ffbd498d919d538ba1685') in 0.001696 seconds 
========================================================================
Received Import Request.
  Time since last request: 0.000048 seconds.
  path: Assets/GreekPack1Lite/Models/greek_wall_divider_2_corner.fbx
  artifactKey: Guid(02997355c76e145a0892ff4a314cbb76) Importer(2089858483,934ff659095e30574adcf32a4c2f97b5)
Start importing Assets/GreekPack1Lite/Models/greek_wall_divider_2_corner.fbx using Guid(02997355c76e145a0892ff4a314cbb76) Importer(2089858483,934ff659095e30574adcf32a4c2f97b5)  -> (artifact id: '08b7e13b9886979027ca436d910c0c05') in 0.003743 seconds 
========================================================================
Received Import Request.
  Time since last request: 0.000047 seconds.
  path: Assets/GreekPack1Lite/Models/Optimized/Materials/PalmBark1.mat
  artifactKey: Guid(c57007770923644ceaf0544b9497ea9a) Importer(2089858483,934ff659095e30574adcf32a4c2f97b5)
Start importing Assets/GreekPack1Lite/Models/Optimized/Materials/PalmBark1.mat using Guid(c57007770923644ceaf0544b9497ea9a) Importer(2089858483,934ff659095e30574adcf32a4c2f97b5)  -> (artifact id: '6a92df0463ebf6d2af61c76aaf194204') in 0.002806 seconds 
========================================================================
Received Import Request.
  Time since last request: 0.000041 seconds.
  path: Assets/GreekPack1Lite/Prefabs/Objects/Optimized/greek_wall_divider_1_corner.prefab
  artifactKey: Guid(18fe6bae84f7f4a118d78542f46e044f) Importer(2089858483,934ff659095e30574adcf32a4c2f97b5)
Start importing Assets/GreekPack1Lite/Prefabs/Objects/Optimized/greek_wall_divider_1_corner.prefab using Guid(18fe6bae84f7f4a118d78542f46e044f) Importer(2089858483,934ff659095e30574adcf32a4c2f97b5)  -> (artifact id: '0bbf0985f511b893a64005e60d5f382f') in 0.002899 seconds 
========================================================================
Received Import Request.
  Time since last request: 0.000045 seconds.
  path: Assets/GreekPack1Lite/Prefabs/Objects/Optimized/greek_floor_stone_1.prefab
  artifactKey: Guid(64415c113d5164fec8cdb5d9de6e3c50) Importer(2089858483,934ff659095e30574adcf32a4c2f97b5)
Start importing Assets/GreekPack1Lite/Prefabs/Objects/Optimized/greek_floor_stone_1.prefab using Guid(64415c113d5164fec8cdb5d9de6e3c50) Importer(2089858483,934ff659095e30574adcf32a4c2f97b5)  -> (artifact id: 'dd619a4d84f2648efe3806ecce0bf58c') in 0.002916 seconds 
========================================================================
Received Import Request.
  Time since last request: 0.000050 seconds.
  path: Assets/GreekPack1Lite/Models/Materials/Greek_Roof_1.mat
  artifactKey: Guid(375fd9c2084c448c093ec85db14e15dd) Importer(2089858483,934ff659095e30574adcf32a4c2f97b5)
Start importing Assets/GreekPack1Lite/Models/Materials/Greek_Roof_1.mat using Guid(375fd9c2084c448c093ec85db14e15dd) Importer(2089858483,934ff659095e30574adcf32a4c2f97b5)  -> (artifact id: '5664085e825b956b050f2b2c230d5e22') in 0.002245 seconds 
========================================================================
Received Import Request.
  Time since last request: 0.000063 seconds.
  path: Assets/GreekPack1Lite/Models/Optimized/greek_wall_1_short.fbx
  artifactKey: Guid(3242d7363a25a4d4bb2d19e5fef3decf) Importer(2089858483,934ff659095e30574adcf32a4c2f97b5)
Start importing Assets/GreekPack1Lite/Models/Optimized/greek_wall_1_short.fbx using Guid(3242d7363a25a4d4bb2d19e5fef3decf) Importer(2089858483,934ff659095e30574adcf32a4c2f97b5)  -> (artifact id: '4e1c824886fa3500dd95f2f1c7942479') in 0.002866 seconds 
========================================================================
Received Import Request.
  Time since last request: 0.000043 seconds.
  path: Assets/GreekPack1Lite/README.txt
  artifactKey: Guid(6d73433e4bd674552a662e0aa44c6351) Importer(2089858483,934ff659095e30574adcf32a4c2f97b5)
Start importing Assets/GreekPack1Lite/README.txt using Guid(6d73433e4bd674552a662e0aa44c6351) Importer(2089858483,934ff659095e30574adcf32a4c2f97b5)  -> (artifact id: '620a0faca6bb3158677f80117b230a74') in 0.002248 seconds 
========================================================================
Received Import Request.
  Time since last request: 0.000057 seconds.
  path: Assets/GreekPack1Lite/Models/Materials/Greek_Roof_2.mat
  artifactKey: Guid(a2540eb5d2d934977881a49c82bcb3e9) Importer(2089858483,934ff659095e30574adcf32a4c2f97b5)
Start importing Assets/GreekPack1Lite/Models/Materials/Greek_Roof_2.mat using Guid(a2540eb5d2d934977881a49c82bcb3e9) Importer(2089858483,934ff659095e30574adcf32a4c2f97b5)  -> (artifact id: 'e6222bf01057dba2c079ec419547ffb9') in 0.003921 seconds 
========================================================================
Received Import Request.
  Time since last request: 0.000044 seconds.
  path: Assets/GreekPack1Lite/Models/Materials/Greek_Accent_Orange.mat
  artifactKey: Guid(53a9aa258f56c43cb9a8c17e13ed85b5) Importer(2089858483,934ff659095e30574adcf32a4c2f97b5)
Start importing Assets/GreekPack1Lite/Models/Materials/Greek_Accent_Orange.mat using Guid(53a9aa258f56c43cb9a8c17e13ed85b5) Importer(2089858483,934ff659095e30574adcf32a4c2f97b5)  -> (artifact id: 'cd53e1b3f3b575ce3f81491524006ec1') in 0.002339 seconds 
========================================================================
Received Import Request.
  Time since last request: 0.000038 seconds.
  path: Assets/GreekPack1Lite/Prefabs/Objects/Optimized/greek_roof_1.prefab
  artifactKey: Guid(d61eb9bc178fc4ab8b652cb3edc513a2) Importer(2089858483,934ff659095e30574adcf32a4c2f97b5)
Start importing Assets/GreekPack1Lite/Prefabs/Objects/Optimized/greek_roof_1.prefab using Guid(d61eb9bc178fc4ab8b652cb3edc513a2) Importer(2089858483,934ff659095e30574adcf32a4c2f97b5)  -> (artifact id: '8100287f91c9bf9240f54997458aaff4') in 0.002578 seconds 
========================================================================
Received Import Request.
  Time since last request: 0.000061 seconds.
  path: Assets/GreekPack1Lite/Models/greek_wall_divider_2.fbx
  artifactKey: Guid(2d2e1fd5462c74fc88283701d773cbe4) Importer(2089858483,934ff659095e30574adcf32a4c2f97b5)
Start importing Assets/GreekPack1Lite/Models/greek_wall_divider_2.fbx using Guid(2d2e1fd5462c74fc88283701d773cbe4) Importer(2089858483,934ff659095e30574adcf32a4c2f97b5)  -> (artifact id: '9759dbe071a90b0bd996d7ca2c3da0dd') in 0.003021 seconds 
========================================================================
Received Import Request.
  Time since last request: 0.000046 seconds.
  path: Assets/GreekPack1Lite/Prefabs/Objects/Optimized/greek_wall_1_short.prefab
  artifactKey: Guid(2f64a188d4a88411699cb128883e863c) Importer(2089858483,934ff659095e30574adcf32a4c2f97b5)
Start importing Assets/GreekPack1Lite/Prefabs/Objects/Optimized/greek_wall_1_short.prefab using Guid(2f64a188d4a88411699cb128883e863c) Importer(2089858483,934ff659095e30574adcf32a4c2f97b5)  -> (artifact id: '812025b6fbff8dfadb780e758a3a95e0') in 0.002898 seconds 
========================================================================
Received Import Request.
  Time since last request: 0.000049 seconds.
  path: Assets/GreekPack1Lite/Models/Optimized
  artifactKey: Guid(5c195316bb1ca43328fce27cb67d7717) Importer(2089858483,934ff659095e30574adcf32a4c2f97b5)
Start importing Assets/GreekPack1Lite/Models/Optimized using Guid(5c195316bb1ca43328fce27cb67d7717) Importer(2089858483,934ff659095e30574adcf32a4c2f97b5)  -> (artifact id: '51f745ac8ed2658a5292186826919950') in 0.001585 seconds 
========================================================================
Received Import Request.
  Time since last request: 0.000046 seconds.
  path: Assets/GreekPack1Lite/Prefabs/Objects/greek_roof_1_square.prefab
  artifactKey: Guid(cae15631505aa4b9e90ba7faf74a5ee5) Importer(2089858483,934ff659095e30574adcf32a4c2f97b5)
Start importing Assets/GreekPack1Lite/Prefabs/Objects/greek_roof_1_square.prefab using Guid(cae15631505aa4b9e90ba7faf74a5ee5) Importer(2089858483,934ff659095e30574adcf32a4c2f97b5)  -> (artifact id: '5cfcfb2bd13b3f193322a61b6e4c6ffe') in 0.003315 seconds 
========================================================================
Received Import Request.
  Time since last request: 0.000067 seconds.
  path: Assets/GreekPack1Lite/Prefabs/Objects/Optimized/greek_roof_support_1_square.prefab
  artifactKey: Guid(9ee12aeec959f4f5caac4992d81d9160) Importer(2089858483,934ff659095e30574adcf32a4c2f97b5)
Start importing Assets/GreekPack1Lite/Prefabs/Objects/Optimized/greek_roof_support_1_square.prefab using Guid(9ee12aeec959f4f5caac4992d81d9160) Importer(2089858483,934ff659095e30574adcf32a4c2f97b5)  -> (artifact id: 'e1b13038d8d7ec39c12d36eb02ae076d') in 0.003667 seconds 
========================================================================
Received Import Request.
  Time since last request: 0.000048 seconds.
  path: Assets/GreekPack1Lite/Models/Optimized/greek_wall_2_corner.fbx
  artifactKey: Guid(bf26b16c8239f4f59a365eea0b3fec4c) Importer(2089858483,934ff659095e30574adcf32a4c2f97b5)
Start importing Assets/GreekPack1Lite/Models/Optimized/greek_wall_2_corner.fbx using Guid(bf26b16c8239f4f59a365eea0b3fec4c) Importer(2089858483,934ff659095e30574adcf32a4c2f97b5)  -> (artifact id: '4de0d3b1e9163c707692108f98add88f') in 0.003002 seconds 
========================================================================
Received Import Request.
  Time since last request: 0.000044 seconds.
  path: Assets/GreekPack1Lite/Models/Materials/Greek_Flower_2.mat
  artifactKey: Guid(87878a96d53344af1875eec2206275da) Importer(2089858483,934ff659095e30574adcf32a4c2f97b5)
Start importing Assets/GreekPack1Lite/Models/Materials/Greek_Flower_2.mat using Guid(87878a96d53344af1875eec2206275da) Importer(2089858483,934ff659095e30574adcf32a4c2f97b5)  -> (artifact id: 'e547bb7d61119bae8a0479bc9650a194') in 0.002289 seconds 
========================================================================
Received Import Request.
  Time since last request: 0.000059 seconds.
  path: Assets/GreekPack1Lite/Models/Materials/Greek_Dirt_1.mat
  artifactKey: Guid(56b629314517e40929c83b1b37d23e54) Importer(2089858483,934ff659095e30574adcf32a4c2f97b5)
Start importing Assets/GreekPack1Lite/Models/Materials/Greek_Dirt_1.mat using Guid(56b629314517e40929c83b1b37d23e54) Importer(2089858483,934ff659095e30574adcf32a4c2f97b5)  -> (artifact id: '43b286976517aa6182053fc61dad5ad4') in 0.002449 seconds 
========================================================================
Received Import Request.
  Time since last request: 0.000065 seconds.
  path: Assets/GreekPack1Lite/Models/Optimized/greek_wall_2_window.fbx
  artifactKey: Guid(2c315cf1e2ee34a84a518d1afd8a04d4) Importer(2089858483,934ff659095e30574adcf32a4c2f97b5)
Start importing Assets/GreekPack1Lite/Models/Optimized/greek_wall_2_window.fbx using Guid(2c315cf1e2ee34a84a518d1afd8a04d4) Importer(2089858483,934ff659095e30574adcf32a4c2f97b5)  -> (artifact id: '5e0437c9937c8e91647cb529b6356ab0') in 0.003226 seconds 
========================================================================
Received Import Request.
  Time since last request: 0.000053 seconds.
  path: Assets/GreekPack1Lite/Models/Materials/Greek_Grass_1.mat
  artifactKey: Guid(e33a6ab228fd84f23b3684a158de11b4) Importer(2089858483,934ff659095e30574adcf32a4c2f97b5)
Start importing Assets/GreekPack1Lite/Models/Materials/Greek_Grass_1.mat using Guid(e33a6ab228fd84f23b3684a158de11b4) Importer(2089858483,934ff659095e30574adcf32a4c2f97b5)  -> (artifact id: '71b38cb8630ff0e479a59acbdbe6682e') in 0.002413 seconds 
========================================================================
Received Import Request.
  Time since last request: 0.000040 seconds.
  path: Assets/GreekPack1Lite/Models/Optimized/greek_stairs_stone.fbx
  artifactKey: Guid(8ddde200adcef45bd82fad13528a8f41) Importer(2089858483,934ff659095e30574adcf32a4c2f97b5)
Start importing Assets/GreekPack1Lite/Models/Optimized/greek_stairs_stone.fbx using Guid(8ddde200adcef45bd82fad13528a8f41) Importer(2089858483,934ff659095e30574adcf32a4c2f97b5)  -> (artifact id: '74b0e293b77d9b8ad65f576ffb0b0d8d') in 0.003266 seconds 
========================================================================
Received Import Request.
  Time since last request: 0.000053 seconds.
  path: Assets/GreekPack1Lite/Models
  artifactKey: Guid(6084b4ae4ea1c44c4ac376d673d8f0b5) Importer(2089858483,934ff659095e30574adcf32a4c2f97b5)
Start importing Assets/GreekPack1Lite/Models using Guid(6084b4ae4ea1c44c4ac376d673d8f0b5) Importer(2089858483,934ff659095e30574adcf32a4c2f97b5)  -> (artifact id: '4104fd5a3accca61e2b0a5bdc2f60403') in 0.002922 seconds 
========================================================================
Received Import Request.
  Time since last request: 0.000098 seconds.
  path: Assets/GreekPack1Lite/Prefabs/Objects/greek_wall_2.prefab
  artifactKey: Guid(6b66ad43b05274620bc8695d0e1cebb2) Importer(2089858483,934ff659095e30574adcf32a4c2f97b5)
Start importing Assets/GreekPack1Lite/Prefabs/Objects/greek_wall_2.prefab using Guid(6b66ad43b05274620bc8695d0e1cebb2) Importer(2089858483,934ff659095e30574adcf32a4c2f97b5)  -> (artifact id: '6f6e05f07355c2006adb9932741a9c8b') in 0.004866 seconds 
========================================================================
Received Import Request.
  Time since last request: 0.000066 seconds.
  path: Assets/GreekPack1Lite/Prefabs/Objects/Optimized/greek_stairs_stone_corner.prefab
  artifactKey: Guid(f5b1e8fc198b24ebf85f258b7b247ac6) Importer(2089858483,934ff659095e30574adcf32a4c2f97b5)
Start importing Assets/GreekPack1Lite/Prefabs/Objects/Optimized/greek_stairs_stone_corner.prefab using Guid(f5b1e8fc198b24ebf85f258b7b247ac6) Importer(2089858483,934ff659095e30574adcf32a4c2f97b5)  -> (artifact id: '8383aa9c8ea8c9b0382768b0e5cc58b4') in 0.003285 seconds 
========================================================================
Received Import Request.
  Time since last request: 0.000042 seconds.
  path: Assets/GreekPack1Lite/Models/greek_wall_2_door.fbx
  artifactKey: Guid(24649b3c37e4a491abf8ef731ffbd5df) Importer(2089858483,934ff659095e30574adcf32a4c2f97b5)
Start importing Assets/GreekPack1Lite/Models/greek_wall_2_door.fbx using Guid(24649b3c37e4a491abf8ef731ffbd5df) Importer(2089858483,934ff659095e30574adcf32a4c2f97b5)  -> (artifact id: '6eddb63b600a2264b149ba42b8b078d9') in 0.003844 seconds 
========================================================================
Received Import Request.
  Time since last request: 0.000047 seconds.
  path: Assets/GreekPack1Lite/Models/Materials/Greek_Bush_1.mat
  artifactKey: Guid(47beed327039b4bc89c7bfab618add20) Importer(2089858483,934ff659095e30574adcf32a4c2f97b5)
Start importing Assets/GreekPack1Lite/Models/Materials/Greek_Bush_1.mat using Guid(47beed327039b4bc89c7bfab618add20) Importer(2089858483,934ff659095e30574adcf32a4c2f97b5)  -> (artifact id: '3c00d9e50513c7a4d29bc4ef9f769686') in 0.002475 seconds 
========================================================================
Received Import Request.
  Time since last request: 0.000042 seconds.
  path: Assets/GreekPack1Lite/Models/Materials/Greek_Stone_1.mat
  artifactKey: Guid(7ed566b1767084d5cbcd1b3b150e3633) Importer(2089858483,934ff659095e30574adcf32a4c2f97b5)
Start importing Assets/GreekPack1Lite/Models/Materials/Greek_Stone_1.mat using Guid(7ed566b1767084d5cbcd1b3b150e3633) Importer(2089858483,934ff659095e30574adcf32a4c2f97b5)  -> (artifact id: '82be9d52d6085f38359180e1c5df1a00') in 0.002732 seconds 
========================================================================
Received Import Request.
  Time since last request: 0.000043 seconds.
  path: Assets/GreekPack1Lite/Prefabs/Objects
  artifactKey: Guid(b0a85ddd620f947b5a0c1c158a6e9663) Importer(2089858483,934ff659095e30574adcf32a4c2f97b5)
Start importing Assets/GreekPack1Lite/Prefabs/Objects using Guid(b0a85ddd620f947b5a0c1c158a6e9663) Importer(2089858483,934ff659095e30574adcf32a4c2f97b5)  -> (artifact id: '94c5eb361d5dda0083ee5eb99aef0cdb') in 0.001482 seconds 
========================================================================
Received Import Request.
  Time since last request: 0.000044 seconds.
  path: Assets/GreekPack1Lite/Models/greek_wall_2_corner.fbx
  artifactKey: Guid(c7f57c2010cac4421b7c883e95751d30) Importer(2089858483,934ff659095e30574adcf32a4c2f97b5)
Start importing Assets/GreekPack1Lite/Models/greek_wall_2_corner.fbx using Guid(c7f57c2010cac4421b7c883e95751d30) Importer(2089858483,934ff659095e30574adcf32a4c2f97b5)  -> (artifact id: 'cb1f023771e23f66fd9b3d78d85f328c') in 0.002761 seconds 
========================================================================
Received Import Request.
  Time since last request: 0.000094 seconds.
  path: Assets/GreekPack1Lite/Models/greek_stairs_stone_corner.fbx
  artifactKey: Guid(27d661bd65a7a4c7b8b90324c3430a85) Importer(2089858483,934ff659095e30574adcf32a4c2f97b5)
Start importing Assets/GreekPack1Lite/Models/greek_stairs_stone_corner.fbx using Guid(27d661bd65a7a4c7b8b90324c3430a85) Importer(2089858483,934ff659095e30574adcf32a4c2f97b5)  -> (artifact id: '0296b8786a03e5435468d58fffe3981e') in 0.020303 seconds 
========================================================================
Received Import Request.
  Time since last request: 0.000047 seconds.
  path: Assets/GreekPack1Lite/Models/Optimized/Materials/PalmLeaves.mat
  artifactKey: Guid(6566343b3edd34143a9126c67862658b) Importer(2089858483,934ff659095e30574adcf32a4c2f97b5)
Start importing Assets/GreekPack1Lite/Models/Optimized/Materials/PalmLeaves.mat using Guid(6566343b3edd34143a9126c67862658b) Importer(2089858483,934ff659095e30574adcf32a4c2f97b5)  -> (artifact id: 'f10d509a451529f72a1fa11e58bfa00b') in 0.002776 seconds 
========================================================================
Received Import Request.
  Time since last request: 0.000042 seconds.
  path: Assets/GreekPack1Lite/Prefabs/Objects/Optimized/greek_roof_support_1.prefab
  artifactKey: Guid(342b0defc1dfc4bfda7270f755da3110) Importer(2089858483,934ff659095e30574adcf32a4c2f97b5)
Start importing Assets/GreekPack1Lite/Prefabs/Objects/Optimized/greek_roof_support_1.prefab using Guid(342b0defc1dfc4bfda7270f755da3110) Importer(2089858483,934ff659095e30574adcf32a4c2f97b5)  -> (artifact id: '0b73cbd1045ea3403fd75e91d8aa2cee') in 0.003232 seconds 
========================================================================
Received Import Request.
  Time since last request: 0.000056 seconds.
  path: Assets/GreekPack1Lite/Prefabs/Objects/Optimized/greek_wall_2.prefab
  artifactKey: Guid(bf225c7d88103412cb986408540d68ca) Importer(2089858483,934ff659095e30574adcf32a4c2f97b5)
Start importing Assets/GreekPack1Lite/Prefabs/Objects/Optimized/greek_wall_2.prefab using Guid(bf225c7d88103412cb986408540d68ca) Importer(2089858483,934ff659095e30574adcf32a4c2f97b5)  -> (artifact id: '50934b48e7269818c5ae2e8cdb7f9c76') in 0.002855 seconds 
========================================================================
Received Import Request.
  Time since last request: 0.000041 seconds.
  path: Assets/GreekPack1Lite/Prefabs/Objects/greek_stairs_stone_corner.prefab
  artifactKey: Guid(59df19ce6f8e647159d9bee24a6a0af2) Importer(2089858483,934ff659095e30574adcf32a4c2f97b5)
Start importing Assets/GreekPack1Lite/Prefabs/Objects/greek_stairs_stone_corner.prefab using Guid(59df19ce6f8e647159d9bee24a6a0af2) Importer(2089858483,934ff659095e30574adcf32a4c2f97b5)  -> (artifact id: '047c757d30272e0f8b55db50b0d68676') in 0.003309 seconds 
========================================================================
Received Import Request.
  Time since last request: 0.000073 seconds.
  path: Assets/GreekPack1Lite/Models/Optimized/Materials/No Name.mat
  artifactKey: Guid(0e9c130ff647a433490dbd47203e97ca) Importer(2089858483,934ff659095e30574adcf32a4c2f97b5)
Start importing Assets/GreekPack1Lite/Models/Optimized/Materials/No Name.mat using Guid(0e9c130ff647a433490dbd47203e97ca) Importer(2089858483,934ff659095e30574adcf32a4c2f97b5)  -> (artifact id: 'bfec2d53e300d722fa6a16d26004faab') in 0.002836 seconds 
========================================================================
Received Import Request.
  Time since last request: 0.000045 seconds.
  path: Assets/GreekPack1Lite/Models/Materials/Greek_Flower_1.mat
  artifactKey: Guid(caa72d5aff9b84502ad37484407ceca2) Importer(2089858483,934ff659095e30574adcf32a4c2f97b5)
Start importing Assets/GreekPack1Lite/Models/Materials/Greek_Flower_1.mat using Guid(caa72d5aff9b84502ad37484407ceca2) Importer(2089858483,934ff659095e30574adcf32a4c2f97b5)  -> (artifact id: 'a743d527bc2645baed35b65f3b1d57e6') in 0.002448 seconds 
========================================================================
Received Import Request.
  Time since last request: 0.000051 seconds.
  path: Assets/GreekPack1Lite/Models/Materials/Greek_Stone_7.mat
  artifactKey: Guid(601a0eae310ab4cd99ec3bdae1fbd0a8) Importer(2089858483,934ff659095e30574adcf32a4c2f97b5)
Start importing Assets/GreekPack1Lite/Models/Materials/Greek_Stone_7.mat using Guid(601a0eae310ab4cd99ec3bdae1fbd0a8) Importer(2089858483,934ff659095e30574adcf32a4c2f97b5)  -> (artifact id: '6e5b09cb854baffc2da5bdd301687e1e') in 0.003040 seconds 
========================================================================
Received Import Request.
  Time since last request: 0.000044 seconds.
  path: Assets/GreekPack1Lite/Models/Optimized/greek_roof_1.fbx
  artifactKey: Guid(8a3797fbe413e4764a445981e28ab2d9) Importer(2089858483,934ff659095e30574adcf32a4c2f97b5)
Start importing Assets/GreekPack1Lite/Models/Optimized/greek_roof_1.fbx using Guid(8a3797fbe413e4764a445981e28ab2d9) Importer(2089858483,934ff659095e30574adcf32a4c2f97b5)  -> (artifact id: 'ee1d9b3a11a801ff704f54a0bc210c83') in 0.002734 seconds 
========================================================================
Received Import Request.
  Time since last request: 0.000040 seconds.
  path: Assets/GreekPack1Lite/Models/Materials/Greek_Vine_1.mat
  artifactKey: Guid(6afd25be3eebe47f0bfbc21a6637aaae) Importer(2089858483,934ff659095e30574adcf32a4c2f97b5)
Start importing Assets/GreekPack1Lite/Models/Materials/Greek_Vine_1.mat using Guid(6afd25be3eebe47f0bfbc21a6637aaae) Importer(2089858483,934ff659095e30574adcf32a4c2f97b5)  -> (artifact id: 'ebb7726fa7483f1e6454fb54cef87d97') in 0.002581 seconds 
========================================================================
Received Import Request.
  Time since last request: 0.000041 seconds.
  path: Assets/GreekPack1Lite/Models/Optimized/greek_stairs_stone_corner.fbx
  artifactKey: Guid(13865bfb066064010b281664d44fb967) Importer(2089858483,934ff659095e30574adcf32a4c2f97b5)
Start importing Assets/GreekPack1Lite/Models/Optimized/greek_stairs_stone_corner.fbx using Guid(13865bfb066064010b281664d44fb967) Importer(2089858483,934ff659095e30574adcf32a4c2f97b5)  -> (artifact id: '84b6a4aade3c24959a89b565ac6e6477') in 0.003336 seconds 
========================================================================
Received Import Request.
  Time since last request: 0.000056 seconds.
  path: Assets/GreekPack1Lite/Models/greek_stairs_stone.fbx
  artifactKey: Guid(083921bd162c04e538d96746617658f2) Importer(2089858483,934ff659095e30574adcf32a4c2f97b5)
Start importing Assets/GreekPack1Lite/Models/greek_stairs_stone.fbx using Guid(083921bd162c04e538d96746617658f2) Importer(2089858483,934ff659095e30574adcf32a4c2f97b5)  -> (artifact id: '4ba8b5413e559a99b50c199fca8cc5ba') in 0.024381 seconds 
========================================================================
Received Import Request.
  Time since last request: 0.000044 seconds.
  path: Assets/GreekPack1Lite/Prefabs/Objects/Optimized/greek_wall_2_corner.prefab
  artifactKey: Guid(71cab83f08c1b4fc5b6aca6be2779aac) Importer(2089858483,934ff659095e30574adcf32a4c2f97b5)
Start importing Assets/GreekPack1Lite/Prefabs/Objects/Optimized/greek_wall_2_corner.prefab using Guid(71cab83f08c1b4fc5b6aca6be2779aac) Importer(2089858483,934ff659095e30574adcf32a4c2f97b5)  -> (artifact id: 'e445f1b81a55bc5e37025cec794b88d2') in 0.003202 seconds 
========================================================================
Received Import Request.
  Time since last request: 0.000049 seconds.
  path: Assets/GreekPack1Lite/Models/Materials/Greek_Vase_2.mat
  artifactKey: Guid(9bf520b8d7962492ab625159d7ccec2d) Importer(2089858483,934ff659095e30574adcf32a4c2f97b5)
Start importing Assets/GreekPack1Lite/Models/Materials/Greek_Vase_2.mat using Guid(9bf520b8d7962492ab625159d7ccec2d) Importer(2089858483,934ff659095e30574adcf32a4c2f97b5)  -> (artifact id: '4faadf5f87aa604d61fee9cd728918ce') in 0.004013 seconds 
========================================================================
Received Import Request.
  Time since last request: 0.000058 seconds.
  path: Assets/GreekPack1Lite/Models/greek_roof_support_1_square.fbx
  artifactKey: Guid(064b6ba9d50ee47918dbd37de665fa98) Importer(2089858483,934ff659095e30574adcf32a4c2f97b5)
Start importing Assets/GreekPack1Lite/Models/greek_roof_support_1_square.fbx using Guid(064b6ba9d50ee47918dbd37de665fa98) Importer(2089858483,934ff659095e30574adcf32a4c2f97b5)  -> (artifact id: 'aef62a8151517ba0eefe4e70ab44487d') in 0.003668 seconds 
========================================================================
Received Import Request.
  Time since last request: 0.000045 seconds.
  path: Assets/GreekPack1Lite/Prefabs/Objects/greek_wall_2_door.prefab
  artifactKey: Guid(db1a4c8ae12944144b7a56b1adb279c7) Importer(2089858483,934ff659095e30574adcf32a4c2f97b5)
Start importing Assets/GreekPack1Lite/Prefabs/Objects/greek_wall_2_door.prefab using Guid(db1a4c8ae12944144b7a56b1adb279c7) Importer(2089858483,934ff659095e30574adcf32a4c2f97b5)  -> (artifact id: 'f841e4bd906f33ad2c3bbb4395fcd597') in 0.003688 seconds 
========================================================================
Received Import Request.
  Time since last request: 0.000055 seconds.
  path: Assets/GreekPack1Lite/Models/Materials/Greek_Stone_3.mat
  artifactKey: Guid(dd8a00cf6e7fc44d2b98129521fec2f7) Importer(2089858483,934ff659095e30574adcf32a4c2f97b5)
Start importing Assets/GreekPack1Lite/Models/Materials/Greek_Stone_3.mat using Guid(dd8a00cf6e7fc44d2b98129521fec2f7) Importer(2089858483,934ff659095e30574adcf32a4c2f97b5)  -> (artifact id: '19f4d07b6c379c8dd96c5b4d3c1225c7') in 0.002714 seconds 
========================================================================
Received Import Request.
  Time since last request: 0.000046 seconds.
  path: Assets/GreekPack1Lite/Prefabs/Buildings/Temple.prefab
  artifactKey: Guid(9293442b452d64a09b2bbd4bd563a965) Importer(2089858483,934ff659095e30574adcf32a4c2f97b5)
Start importing Assets/GreekPack1Lite/Prefabs/Buildings/Temple.prefab using Guid(9293442b452d64a09b2bbd4bd563a965) Importer(2089858483,934ff659095e30574adcf32a4c2f97b5)  -> (artifact id: '29d0e0bfa82382a44520c53b31ef8547') in 0.008511 seconds 
========================================================================
Received Import Request.
  Time since last request: 0.000043 seconds.
  path: Assets/GreekPack1Lite/Models/Optimized/greek_floor_stone_1.fbx
  artifactKey: Guid(6d7c450bf11474e3ca044e5b660efa9a) Importer(2089858483,934ff659095e30574adcf32a4c2f97b5)
Start importing Assets/GreekPack1Lite/Models/Optimized/greek_floor_stone_1.fbx using Guid(6d7c450bf11474e3ca044e5b660efa9a) Importer(2089858483,934ff659095e30574adcf32a4c2f97b5)  -> (artifact id: '225aa90abf0172ba3b3db04f21149029') in 0.003120 seconds 
========================================================================
Received Import Request.
  Time since last request: 0.000051 seconds.
  path: Assets/GreekPack1Lite/Models/Optimized/greek_wall_divider_1_corner.fbx
  artifactKey: Guid(27d0d7ea80fd844a0962bf0f445687b1) Importer(2089858483,934ff659095e30574adcf32a4c2f97b5)
Start importing Assets/GreekPack1Lite/Models/Optimized/greek_wall_divider_1_corner.fbx using Guid(27d0d7ea80fd844a0962bf0f445687b1) Importer(2089858483,934ff659095e30574adcf32a4c2f97b5)  -> (artifact id: '01c6cc0fe8535f62940232ab111162a8') in 0.004846 seconds 
========================================================================
Received Import Request.
  Time since last request: 0.000046 seconds.
  path: Assets/GreekPack1Lite/Models/greek_wall_divider_1_corner.fbx
  artifactKey: Guid(1ce29e0fa80ac4312a9837582ffebb90) Importer(2089858483,934ff659095e30574adcf32a4c2f97b5)
Start importing Assets/GreekPack1Lite/Models/greek_wall_divider_1_corner.fbx using Guid(1ce29e0fa80ac4312a9837582ffebb90) Importer(2089858483,934ff659095e30574adcf32a4c2f97b5)  -> (artifact id: 'cd92742229a4c31fe108568ced943e2c') in 0.003010 seconds 
========================================================================
Received Import Request.
  Time since last request: 0.000037 seconds.
  path: Assets/GreekPack1Lite/Models/Materials/Greek_Vase_1.mat
  artifactKey: Guid(ad416ec4307d74bfc94d2d8be55f0cd0) Importer(2089858483,934ff659095e30574adcf32a4c2f97b5)
Start importing Assets/GreekPack1Lite/Models/Materials/Greek_Vase_1.mat using Guid(ad416ec4307d74bfc94d2d8be55f0cd0) Importer(2089858483,934ff659095e30574adcf32a4c2f97b5)  -> (artifact id: 'aa91db997682becd686935538b819fa1') in 0.003035 seconds 
========================================================================
Received Import Request.
  Time since last request: 0.000057 seconds.
  path: Assets/GreekPack1Lite/Models/Materials/Greek_Stone_5.mat
  artifactKey: Guid(257dfd3a2570d46ef994063289de7684) Importer(2089858483,934ff659095e30574adcf32a4c2f97b5)
Start importing Assets/GreekPack1Lite/Models/Materials/Greek_Stone_5.mat using Guid(257dfd3a2570d46ef994063289de7684) Importer(2089858483,934ff659095e30574adcf32a4c2f97b5)  -> (artifact id: 'ff9ac681c32174bc0536b93562592175') in 0.002429 seconds 
========================================================================
Received Import Request.
  Time since last request: 0.000042 seconds.
  path: Assets/GreekPack1Lite/Models/Materials/Greek_Tree_1.mat
  artifactKey: Guid(847f9c8503e5246caa8d64722a7f945d) Importer(2089858483,934ff659095e30574adcf32a4c2f97b5)
Start importing Assets/GreekPack1Lite/Models/Materials/Greek_Tree_1.mat using Guid(847f9c8503e5246caa8d64722a7f945d) Importer(2089858483,934ff659095e30574adcf32a4c2f97b5)  -> (artifact id: 'c7165d4dc13931cdfcc0a94a3ae015b6') in 0.002606 seconds 
========================================================================
Received Import Request.
  Time since last request: 0.000051 seconds.
  path: Assets/GreekPack1Lite/Models/greek_floor_stone_1.fbx
  artifactKey: Guid(69eb944f6a0da40f7b2dedf645a16d6d) Importer(2089858483,934ff659095e30574adcf32a4c2f97b5)
Start importing Assets/GreekPack1Lite/Models/greek_floor_stone_1.fbx using Guid(69eb944f6a0da40f7b2dedf645a16d6d) Importer(2089858483,934ff659095e30574adcf32a4c2f97b5)  -> (artifact id: 'd0cf0fc6011c735284b7acb2e309c91a') in 0.003024 seconds 
========================================================================
Received Import Request.
  Time since last request: 0.000042 seconds.
  path: Assets/GreekPack1Lite/Models/Materials/Greek_Bush_2.mat
  artifactKey: Guid(4e3d41c451bc242488504495ee6658ce) Importer(2089858483,934ff659095e30574adcf32a4c2f97b5)
Start importing Assets/GreekPack1Lite/Models/Materials/Greek_Bush_2.mat using Guid(4e3d41c451bc242488504495ee6658ce) Importer(2089858483,934ff659095e30574adcf32a4c2f97b5)  -> (artifact id: '2d1573b7d45dbfd8f595b7f17492b340') in 0.002653 seconds 
========================================================================
Received Import Request.
  Time since last request: 0.000054 seconds.
  path: Assets/GreekPack1Lite/Models/Materials/Greek_Bronze_1.mat
  artifactKey: Guid(cb01d9936a28e42caab84a5e9e68ac4f) Importer(2089858483,934ff659095e30574adcf32a4c2f97b5)
Start importing Assets/GreekPack1Lite/Models/Materials/Greek_Bronze_1.mat using Guid(cb01d9936a28e42caab84a5e9e68ac4f) Importer(2089858483,934ff659095e30574adcf32a4c2f97b5)  -> (artifact id: '217788a2040096b58dc77de9241a0c3a') in 0.002407 seconds 
========================================================================
Received Import Request.
  Time since last request: 0.000043 seconds.
  path: Assets/GreekPack1Lite/Models/Materials/Greek_Wood_1.mat
  artifactKey: Guid(ac434d30fa0fd41a6a0a4d1ce678be54) Importer(2089858483,934ff659095e30574adcf32a4c2f97b5)
Start importing Assets/GreekPack1Lite/Models/Materials/Greek_Wood_1.mat using Guid(ac434d30fa0fd41a6a0a4d1ce678be54) Importer(2089858483,934ff659095e30574adcf32a4c2f97b5)  -> (artifact id: 'f3cf65ca45969317de3c905769cf2be3') in 0.002577 seconds 
========================================================================
Received Import Request.
  Time since last request: 0.000043 seconds.
  path: Assets/GreekPack1Lite/Prefabs/Objects/greek_floor_stone_1.prefab
  artifactKey: Guid(34d863027af504a739927df283d50f54) Importer(2089858483,934ff659095e30574adcf32a4c2f97b5)
Start importing Assets/GreekPack1Lite/Prefabs/Objects/greek_floor_stone_1.prefab using Guid(34d863027af504a739927df283d50f54) Importer(2089858483,934ff659095e30574adcf32a4c2f97b5)  -> (artifact id: '25609dedb18a202a52de142ad7bac8e5') in 0.003890 seconds 
========================================================================
Received Import Request.
  Time since last request: 0.000046 seconds.
  path: Assets/GreekPack1Lite/Scenes/greek_showcaseSettings.lighting
  artifactKey: Guid(3c2d129b6bbf24544998703203754a7c) Importer(2089858483,934ff659095e30574adcf32a4c2f97b5)
Start importing Assets/GreekPack1Lite/Scenes/greek_showcaseSettings.lighting using Guid(3c2d129b6bbf24544998703203754a7c) Importer(2089858483,934ff659095e30574adcf32a4c2f97b5)  -> (artifact id: '71fc279870c63ed392df9a7211c15bb3') in 0.141482 seconds 
========================================================================
Received Import Request.
  Time since last request: 0.000080 seconds.
  path: Assets/GreekPack1Lite/Models/greek_tree_2.fbx
  artifactKey: Guid(fe654bfd67235493e84db277df9c5c1e) Importer(2089858483,934ff659095e30574adcf32a4c2f97b5)
Start importing Assets/GreekPack1Lite/Models/greek_tree_2.fbx using Guid(fe654bfd67235493e84db277df9c5c1e) Importer(2089858483,934ff659095e30574adcf32a4c2f97b5)  -> (artifact id: 'd90ff3f36033af0d4609cbb1ca693973') in 0.004797 seconds 
========================================================================
Received Import Request.
  Time since last request: 0.000063 seconds.
  path: Assets/GreekPack1Lite/Prefabs
  artifactKey: Guid(754e8e6e26a6f43f5834fbccf29a1714) Importer(2089858483,934ff659095e30574adcf32a4c2f97b5)
Start importing Assets/GreekPack1Lite/Prefabs using Guid(754e8e6e26a6f43f5834fbccf29a1714) Importer(2089858483,934ff659095e30574adcf32a4c2f97b5)  -> (artifact id: '104c9bd10c5de18b14aaf8a7f8979a0a') in 0.002009 seconds 
========================================================================
Received Import Request.
  Time since last request: 0.000048 seconds.
  path: Assets/GreekPack1Lite/Prefabs/Objects/greek_wall_divider_1_corner.prefab
  artifactKey: Guid(6014b3deef61d4ec694ebc6da6562e2b) Importer(2089858483,934ff659095e30574adcf32a4c2f97b5)
Start importing Assets/GreekPack1Lite/Prefabs/Objects/greek_wall_divider_1_corner.prefab using Guid(6014b3deef61d4ec694ebc6da6562e2b) Importer(2089858483,934ff659095e30574adcf32a4c2f97b5)  -> (artifact id: 'eb5c7fe55c0fe8e6d516545dfa51c47b') in 0.003279 seconds 
========================================================================
Received Import Request.
  Time since last request: 0.000047 seconds.
  path: Assets/GreekPack1Lite/Models/greek_roof_1.fbx
  artifactKey: Guid(1d75a547b4e724375939511ed282113c) Importer(2089858483,934ff659095e30574adcf32a4c2f97b5)
Start importing Assets/GreekPack1Lite/Models/greek_roof_1.fbx using Guid(1d75a547b4e724375939511ed282113c) Importer(2089858483,934ff659095e30574adcf32a4c2f97b5)  -> (artifact id: '5f958f514ede5bd2d298b676c2961989') in 0.003508 seconds 
========================================================================
Received Import Request.
  Time since last request: 0.000043 seconds.
  path: Assets/GreekPack1Lite/Models/Optimized/greek_wall_2.fbx
  artifactKey: Guid(0bf5cda87f1ff42e0a11a468c67f3036) Importer(2089858483,934ff659095e30574adcf32a4c2f97b5)
Start importing Assets/GreekPack1Lite/Models/Optimized/greek_wall_2.fbx using Guid(0bf5cda87f1ff42e0a11a468c67f3036) Importer(2089858483,934ff659095e30574adcf32a4c2f97b5)  -> (artifact id: '4edae7b9566e07c0f3cf05f8603f1def') in 0.002630 seconds 
========================================================================
Received Import Request.
  Time since last request: 0.000067 seconds.
  path: Assets/GreekPack1Lite/Models/Optimized/greek_column_1.fbx
  artifactKey: Guid(c909a27d2314c41a09991750ab8d038c) Importer(2089858483,934ff659095e30574adcf32a4c2f97b5)
Start importing Assets/GreekPack1Lite/Models/Optimized/greek_column_1.fbx using Guid(c909a27d2314c41a09991750ab8d038c) Importer(2089858483,934ff659095e30574adcf32a4c2f97b5)  -> (artifact id: 'e09fdf20f76c4e447b95178987dfd8ce') in 0.003036 seconds 
========================================================================
Received Import Request.
  Time since last request: 0.000051 seconds.
  path: Assets/GreekPack1Lite/Models/Optimized/greek_roof_support_1.fbx
  artifactKey: Guid(ce041621d784c42009ca81fa78cf1a8d) Importer(2089858483,934ff659095e30574adcf32a4c2f97b5)
Start importing Assets/GreekPack1Lite/Models/Optimized/greek_roof_support_1.fbx using Guid(ce041621d784c42009ca81fa78cf1a8d) Importer(2089858483,934ff659095e30574adcf32a4c2f97b5)  -> (artifact id: '482390422e5acb10752e21d8f606ee19') in 0.003155 seconds 
========================================================================
Received Import Request.
  Time since last request: 0.000039 seconds.
  path: Assets/GreekPack1Lite/Models/greek_roof_1_square.fbx
  artifactKey: Guid(1e02a01f810e841ac81258ac38b3ea5b) Importer(2089858483,934ff659095e30574adcf32a4c2f97b5)
Start importing Assets/GreekPack1Lite/Models/greek_roof_1_square.fbx using Guid(1e02a01f810e841ac81258ac38b3ea5b) Importer(2089858483,934ff659095e30574adcf32a4c2f97b5)  -> (artifact id: '40620f31322cce9360ca3c334ed7ba5f') in 0.003377 seconds 
========================================================================
Received Import Request.
  Time since last request: 0.000060 seconds.
  path: Assets/GreekPack1Lite/Models/Materials/Greek_Cloth_Blue.mat
  artifactKey: Guid(a6f26a496099548c29adb9c535437a1c) Importer(2089858483,934ff659095e30574adcf32a4c2f97b5)
Start importing Assets/GreekPack1Lite/Models/Materials/Greek_Cloth_Blue.mat using Guid(a6f26a496099548c29adb9c535437a1c) Importer(2089858483,934ff659095e30574adcf32a4c2f97b5)  -> (artifact id: '3897ee1689e7def8e58913399cdfc8f3') in 0.002698 seconds 
========================================================================
Received Import Request.
  Time since last request: 0.000080 seconds.
  path: Assets/GreekPack1Lite/Models/Optimized/Materials/PalmDarkBark.mat
  artifactKey: Guid(ac1631addf47a43369d997aaf619a8f3) Importer(2089858483,934ff659095e30574adcf32a4c2f97b5)
Start importing Assets/GreekPack1Lite/Models/Optimized/Materials/PalmDarkBark.mat using Guid(ac1631addf47a43369d997aaf619a8f3) Importer(2089858483,934ff659095e30574adcf32a4c2f97b5)  -> (artifact id: '43e0b1bbae508256878d22fb9f2bd2a6') in 0.002983 seconds 
========================================================================
Received Import Request.
  Time since last request: 0.000048 seconds.
  path: Assets/GreekPack1Lite/Models/Optimized/greek_column_2.fbx
  artifactKey: Guid(d56dfd26ed8664782aad4a260be4c2b6) Importer(2089858483,934ff659095e30574adcf32a4c2f97b5)
Start importing Assets/GreekPack1Lite/Models/Optimized/greek_column_2.fbx using Guid(d56dfd26ed8664782aad4a260be4c2b6) Importer(2089858483,934ff659095e30574adcf32a4c2f97b5)  -> (artifact id: '8101e4f3ffe0dec05316b31b8710142b') in 0.002720 seconds 
========================================================================
Received Import Request.
  Time since last request: 0.000050 seconds.
  path: Assets/GreekPack1Lite/Prefabs/Objects/Optimized
  artifactKey: Guid(234354b3d7e1646bb90a382f739ef392) Importer(2089858483,934ff659095e30574adcf32a4c2f97b5)
Start importing Assets/GreekPack1Lite/Prefabs/Objects/Optimized using Guid(234354b3d7e1646bb90a382f739ef392) Importer(2089858483,934ff659095e30574adcf32a4c2f97b5)  -> (artifact id: '24553554a3f0a533dedaf8f0372e0fb7') in 0.001612 seconds 
========================================================================
Received Import Request.
  Time since last request: 0.000064 seconds.
  path: Assets/GreekPack1Lite/Models/Materials/Greek_Flower_3.mat
  artifactKey: Guid(523124601af35487bb57d52f9fe68f10) Importer(2089858483,934ff659095e30574adcf32a4c2f97b5)
Start importing Assets/GreekPack1Lite/Models/Materials/Greek_Flower_3.mat using Guid(523124601af35487bb57d52f9fe68f10) Importer(2089858483,934ff659095e30574adcf32a4c2f97b5)  -> (artifact id: '039f682530bd0171423b4603ec8a9c66') in 0.004009 seconds 
========================================================================
Received Import Request.
  Time since last request: 0.006172 seconds.
  path: Assets/GreekPack1Lite/Scenes/greek_exampleSettings.lighting
  artifactKey: Guid(b9dcfd1b9efe74f9baa8fc09cd916b4e) Importer(2089858483,934ff659095e30574adcf32a4c2f97b5)
Start importing Assets/GreekPack1Lite/Scenes/greek_exampleSettings.lighting using Guid(b9dcfd1b9efe74f9baa8fc09cd916b4e) Importer(2089858483,934ff659095e30574adcf32a4c2f97b5)  -> (artifact id: 'a722f132f46cb9efddc22038ced32df4') in 0.004515 seconds 
========================================================================
Received Import Request.
  Time since last request: 0.000086 seconds.
  path: Assets/GreekPack1Lite/Models/greek_roof_support_1.fbx
  artifactKey: Guid(69a7d92786c3f4e0dbee6da6dc1f947e) Importer(2089858483,934ff659095e30574adcf32a4c2f97b5)
Start importing Assets/GreekPack1Lite/Models/greek_roof_support_1.fbx using Guid(69a7d92786c3f4e0dbee6da6dc1f947e) Importer(2089858483,934ff659095e30574adcf32a4c2f97b5)  -> (artifact id: '34ba700971fbbc31cdd455b1dc365fc1') in 0.002989 seconds 
========================================================================
Received Import Request.
  Time since last request: 0.000049 seconds.
  path: Assets/GreekPack1Lite/Prefabs/Objects/greek_wall_2_window.prefab
  artifactKey: Guid(0f4a2c0456dca4089bef336bf9fe7ee7) Importer(2089858483,934ff659095e30574adcf32a4c2f97b5)
Start importing Assets/GreekPack1Lite/Prefabs/Objects/greek_wall_2_window.prefab using Guid(0f4a2c0456dca4089bef336bf9fe7ee7) Importer(2089858483,934ff659095e30574adcf32a4c2f97b5)  -> (artifact id: '5ed0e3ae14e4554af635d8e663888179') in 0.003149 seconds 
========================================================================
Received Import Request.
  Time since last request: 0.000050 seconds.
  path: Assets/GreekPack1Lite/Prefabs/Objects/Optimized/greek_wall_divider_2_corner.prefab
  artifactKey: Guid(1a2eacdeefbba44b19d4b5fe061b2374) Importer(2089858483,934ff659095e30574adcf32a4c2f97b5)
Start importing Assets/GreekPack1Lite/Prefabs/Objects/Optimized/greek_wall_divider_2_corner.prefab using Guid(1a2eacdeefbba44b19d4b5fe061b2374) Importer(2089858483,934ff659095e30574adcf32a4c2f97b5)  -> (artifact id: '8766bbc0f6a1bbdf947a7cad0400edd0') in 0.003084 seconds 
========================================================================
Received Import Request.
  Time since last request: 0.000042 seconds.
  path: Assets/GreekPack1Lite/Models/Optimized/greek_tree_2.fbx
  artifactKey: Guid(469fd7579034c4a75b909adde640dc1a) Importer(2089858483,934ff659095e30574adcf32a4c2f97b5)
Start importing Assets/GreekPack1Lite/Models/Optimized/greek_tree_2.fbx using Guid(469fd7579034c4a75b909adde640dc1a) Importer(2089858483,934ff659095e30574adcf32a4c2f97b5)  -> (artifact id: '44e8b5c794a37122460ea24350ebd40a') in 0.003013 seconds 
========================================================================
Received Import Request.
  Time since last request: 0.000044 seconds.
  path: Assets/GreekPack1Lite/Models/Optimized/greek_wall_divider_1.fbx
  artifactKey: Guid(3c00d5238781748bd9606397b3544b4f) Importer(2089858483,934ff659095e30574adcf32a4c2f97b5)
Start importing Assets/GreekPack1Lite/Models/Optimized/greek_wall_divider_1.fbx using Guid(3c00d5238781748bd9606397b3544b4f) Importer(2089858483,934ff659095e30574adcf32a4c2f97b5)  -> (artifact id: 'a7c675b6f3b7b51077b80336e2138df7') in 0.002760 seconds 
========================================================================
Received Import Request.
  Time since last request: 0.000049 seconds.
  path: Assets/GreekPack1Lite/Prefabs/Objects/greek_wall_1_short.prefab
  artifactKey: Guid(5be5596e14f484ae49cec1307a7e7d92) Importer(2089858483,934ff659095e30574adcf32a4c2f97b5)
Start importing Assets/GreekPack1Lite/Prefabs/Objects/greek_wall_1_short.prefab using Guid(5be5596e14f484ae49cec1307a7e7d92) Importer(2089858483,934ff659095e30574adcf32a4c2f97b5)  -> (artifact id: '0b9fd6b24ee38f1dea631c471c3debf7') in 0.003453 seconds 
========================================================================
Received Import Request.
  Time since last request: 0.000068 seconds.
  path: Assets/GreekPack1Lite/Prefabs/Objects/greek_wall_divider_1.prefab
  artifactKey: Guid(cda363d903f694736bfa8197fb777822) Importer(2089858483,934ff659095e30574adcf32a4c2f97b5)
Start importing Assets/GreekPack1Lite/Prefabs/Objects/greek_wall_divider_1.prefab using Guid(cda363d903f694736bfa8197fb777822) Importer(2089858483,934ff659095e30574adcf32a4c2f97b5)  -> (artifact id: '581eaacc73e7e13c2e7eb8c477dc0d42') in 0.006764 seconds 
========================================================================
Received Import Request.
  Time since last request: 0.000068 seconds.
  path: Assets/GreekPack1Lite/Prefabs/Objects/greek_column_2.prefab
  artifactKey: Guid(a8ed52bf690a54ee2973e3ca03b2b3bb) Importer(2089858483,934ff659095e30574adcf32a4c2f97b5)
Start importing Assets/GreekPack1Lite/Prefabs/Objects/greek_column_2.prefab using Guid(a8ed52bf690a54ee2973e3ca03b2b3bb) Importer(2089858483,934ff659095e30574adcf32a4c2f97b5)  -> (artifact id: '3993bb78aa69ef1ce287b7d5b6a74cc0') in 0.004172 seconds 
========================================================================
Received Import Request.
  Time since last request: 0.000044 seconds.
  path: Assets/GreekPack1Lite/Models/Materials/Greek_Accent_Blue.mat
  artifactKey: Guid(14b7c5c31902442cf8da3306a1031635) Importer(2089858483,934ff659095e30574adcf32a4c2f97b5)
Start importing Assets/GreekPack1Lite/Models/Materials/Greek_Accent_Blue.mat using Guid(14b7c5c31902442cf8da3306a1031635) Importer(2089858483,934ff659095e30574adcf32a4c2f97b5)  -> (artifact id: 'a536c26066b1e44720d2baaff5c857e4') in 0.002557 seconds 
========================================================================
Received Import Request.
  Time since last request: 0.000057 seconds.
  path: Assets/GreekPack1Lite/Models/Materials/Greek_Stone_6.mat
  artifactKey: Guid(1132727fdae054c0fa6d57ba46f59636) Importer(2089858483,934ff659095e30574adcf32a4c2f97b5)
Start importing Assets/GreekPack1Lite/Models/Materials/Greek_Stone_6.mat using Guid(1132727fdae054c0fa6d57ba46f59636) Importer(2089858483,934ff659095e30574adcf32a4c2f97b5)  -> (artifact id: '3a47dc56fff46db5f6e575325c24ef3d') in 0.002396 seconds 
========================================================================
Received Import Request.
  Time since last request: 0.000045 seconds.
  path: Assets/GreekPack1Lite/Models/Optimized/Materials/Greek_Stone_6.001.mat
  artifactKey: Guid(e79951c3f404a46d8892a5098e1a866d) Importer(2089858483,934ff659095e30574adcf32a4c2f97b5)
Start importing Assets/GreekPack1Lite/Models/Optimized/Materials/Greek_Stone_6.001.mat using Guid(e79951c3f404a46d8892a5098e1a866d) Importer(2089858483,934ff659095e30574adcf32a4c2f97b5)  -> (artifact id: 'a9fb2772177aa82edc7b745d90d2334b') in 0.003049 seconds 
========================================================================
Received Import Request.
  Time since last request: 0.000059 seconds.
  path: Assets/GreekPack1Lite/Models/Optimized/greek_wall_divider_2.fbx
  artifactKey: Guid(dd1d1adab78eb4a5d9e2669fcfe5e949) Importer(2089858483,934ff659095e30574adcf32a4c2f97b5)
Start importing Assets/GreekPack1Lite/Models/Optimized/greek_wall_divider_2.fbx using Guid(dd1d1adab78eb4a5d9e2669fcfe5e949) Importer(2089858483,934ff659095e30574adcf32a4c2f97b5)  -> (artifact id: '82f647c29365cef979c2386943c00869') in 0.003314 seconds 
========================================================================
Received Import Request.
  Time since last request: 0.000047 seconds.
  path: Assets/GreekPack1Lite/Models/Optimized/Materials/PalmBark2.mat
  artifactKey: Guid(34387c295b1a0465ea12d13998db0d97) Importer(2089858483,934ff659095e30574adcf32a4c2f97b5)
Start importing Assets/GreekPack1Lite/Models/Optimized/Materials/PalmBark2.mat using Guid(34387c295b1a0465ea12d13998db0d97) Importer(2089858483,934ff659095e30574adcf32a4c2f97b5)  -> (artifact id: '8c1dbe44e65f497e7f64364bfbdabaab') in 0.003030 seconds 
========================================================================
Received Import Request.
  Time since last request: 0.000051 seconds.
  path: Assets/GreekPack1Lite/Models/greek_wall_2_window.fbx
  artifactKey: Guid(bdae47c1ddf3049358f11421fa3be74b) Importer(2089858483,934ff659095e30574adcf32a4c2f97b5)
Start importing Assets/GreekPack1Lite/Models/greek_wall_2_window.fbx using Guid(bdae47c1ddf3049358f11421fa3be74b) Importer(2089858483,934ff659095e30574adcf32a4c2f97b5)  -> (artifact id: '4fecf3c680353c9c4adbfd937a22958b') in 0.003048 seconds 
========================================================================
Received Import Request.
  Time since last request: 0.000043 seconds.
  path: Assets/GreekPack1Lite/Scenes
  artifactKey: Guid(524d89c73edd84f11a45686a7ea3cde8) Importer(2089858483,934ff659095e30574adcf32a4c2f97b5)
Start importing Assets/GreekPack1Lite/Scenes using Guid(524d89c73edd84f11a45686a7ea3cde8) Importer(2089858483,934ff659095e30574adcf32a4c2f97b5)  -> (artifact id: '8f93da670728d84341dfb0bbf7aac5cf') in 0.001981 seconds 
========================================================================
Received Import Request.
  Time since last request: 0.000058 seconds.
  path: Assets/GreekPack1Lite/Models/Materials/Greek_Parchment.mat
  artifactKey: Guid(dfa57d59a97024ec6964c7d3d0afbaea) Importer(2089858483,934ff659095e30574adcf32a4c2f97b5)
Start importing Assets/GreekPack1Lite/Models/Materials/Greek_Parchment.mat using Guid(dfa57d59a97024ec6964c7d3d0afbaea) Importer(2089858483,934ff659095e30574adcf32a4c2f97b5)  -> (artifact id: 'f9c33abca4bce74bdac7eb63424ff392') in 0.002422 seconds 
========================================================================
Received Import Request.
  Time since last request: 0.000045 seconds.
  path: Assets/GreekPack1Lite/Prefabs/Objects/greek_column_1.prefab
  artifactKey: Guid(b67c34942f06641839dbb616d6b0423f) Importer(2089858483,934ff659095e30574adcf32a4c2f97b5)
Start importing Assets/GreekPack1Lite/Prefabs/Objects/greek_column_1.prefab using Guid(b67c34942f06641839dbb616d6b0423f) Importer(2089858483,934ff659095e30574adcf32a4c2f97b5)  -> (artifact id: '761e5e6fcafd3c1c6adb6b55836221ad') in 0.002908 seconds 
========================================================================
Received Import Request.
  Time since last request: 0.000044 seconds.
  path: Assets/GreekPack1Lite/Prefabs/Objects/greek_stairs_stone.prefab
  artifactKey: Guid(e4707a0856ce84eee87e7e38fb543c08) Importer(2089858483,934ff659095e30574adcf32a4c2f97b5)
Start importing Assets/GreekPack1Lite/Prefabs/Objects/greek_stairs_stone.prefab using Guid(e4707a0856ce84eee87e7e38fb543c08) Importer(2089858483,934ff659095e30574adcf32a4c2f97b5)  -> (artifact id: '93a3e7f82d4d7a21abea38916abc323c') in 0.003794 seconds 
========================================================================
Received Import Request.
  Time since last request: 0.000050 seconds.
  path: Assets/GreekPack1Lite/Models/Materials/Greek_Roof_3.mat
  artifactKey: Guid(ca59fee446bd942daac49a9162b671fe) Importer(2089858483,934ff659095e30574adcf32a4c2f97b5)
Start importing Assets/GreekPack1Lite/Models/Materials/Greek_Roof_3.mat using Guid(ca59fee446bd942daac49a9162b671fe) Importer(2089858483,934ff659095e30574adcf32a4c2f97b5)  -> (artifact id: '4af004d74ad57e69affa5bfba48ccb77') in 0.002634 seconds 
========================================================================
Received Import Request.
  Time since last request: 0.000050 seconds.
  path: Assets/GreekPack1Lite/Models/Optimized/greek_wall_divider_2_corner.fbx
  artifactKey: Guid(864e909ae971d4e1ba0d8b4b1a338f64) Importer(2089858483,934ff659095e30574adcf32a4c2f97b5)
Start importing Assets/GreekPack1Lite/Models/Optimized/greek_wall_divider_2_corner.fbx using Guid(864e909ae971d4e1ba0d8b4b1a338f64) Importer(2089858483,934ff659095e30574adcf32a4c2f97b5)  -> (artifact id: 'd83de454b07b2c66eeb01bc87c17fb15') in 0.004224 seconds 
========================================================================
Received Import Request.
  Time since last request: 0.000052 seconds.
  path: Assets/GreekPack1Lite/Models/greek_wall_2.fbx
  artifactKey: Guid(f1367657d847b445c9c29ab1d32aaf45) Importer(2089858483,934ff659095e30574adcf32a4c2f97b5)
Start importing Assets/GreekPack1Lite/Models/greek_wall_2.fbx using Guid(f1367657d847b445c9c29ab1d32aaf45) Importer(2089858483,934ff659095e30574adcf32a4c2f97b5)  -> (artifact id: 'ee56f412c2d6caff44864568791f5cd3') in 0.003767 seconds 
========================================================================
Received Import Request.
  Time since last request: 0.000076 seconds.
  path: Assets/GreekPack1Lite/Prefabs/Objects/greek_roof_1.prefab
  artifactKey: Guid(7a6fc26fee8904bf49e446ffaf880f68) Importer(2089858483,934ff659095e30574adcf32a4c2f97b5)
Start importing Assets/GreekPack1Lite/Prefabs/Objects/greek_roof_1.prefab using Guid(7a6fc26fee8904bf49e446ffaf880f68) Importer(2089858483,934ff659095e30574adcf32a4c2f97b5)  -> (artifact id: 'de0f5c8ddb164404a37a5fae4981cb47') in 0.003035 seconds 
========================================================================
Received Import Request.
  Time since last request: 0.000046 seconds.
  path: Assets/GreekPack1Lite/Prefabs/Objects/Optimized/greek_wall_2_door.prefab
  artifactKey: Guid(e8a584d2a67484ae6a43f1e52810957e) Importer(2089858483,934ff659095e30574adcf32a4c2f97b5)
Start importing Assets/GreekPack1Lite/Prefabs/Objects/Optimized/greek_wall_2_door.prefab using Guid(e8a584d2a67484ae6a43f1e52810957e) Importer(2089858483,934ff659095e30574adcf32a4c2f97b5)  -> (artifact id: '3db4c5b029d4ea9898efc6488c92daaa') in 0.003741 seconds 
========================================================================
Received Import Request.
  Time since last request: 0.000043 seconds.
  path: Assets/GreekPack1Lite/Models/greek_wall_1_short.fbx
  artifactKey: Guid(77537921c0b204def9132f23c1cea5eb) Importer(2089858483,934ff659095e30574adcf32a4c2f97b5)
Start importing Assets/GreekPack1Lite/Models/greek_wall_1_short.fbx using Guid(77537921c0b204def9132f23c1cea5eb) Importer(2089858483,934ff659095e30574adcf32a4c2f97b5)  -> (artifact id: 'de7e1eb61f2fb83ae9704e4798dad04e') in 0.002824 seconds 
Editor requested this worker to shutdown with reason: Scaling down because of idle timeout
AssetImportWorker is now disconnected from the server
Process exiting
